#! /usr/bin/vvp
:ivl_version "10.1 (stable)";
:ivl_delay_selection "TYPICAL";
:vpi_time_precision + 0;
:vpi_module "system";
:vpi_module "vhdl_sys";
:vpi_module "v2005_math";
:vpi_module "va_math";
S_0x55a954f3c660 .scope module, "testBench" "testBench" 2 137;
 .timescale 0 0;
v0x55a954f78890_0 .var "ammo", 8 0;
v0x55a954f78970_0 .var "clk", 0 0;
v0x55a954f78a30_0 .net "error", 0 0, v0x55a954f782c0_0;  1 drivers
v0x55a954f78ad0_0 .var "fire", 0 0;
v0x55a954f78ba0_0 .var "fireRate", 8 0;
v0x55a954f78c90_0 .var "loadingAmmo", 0 0;
v0x55a954f78d30_0 .var "mode_selector", 3 0;
S_0x55a954f3c350 .scope module, "try" "weapons" 2 145, 2 119 0, S_0x55a954f3c660;
 .timescale 0 0;
    .port_info 0 /INPUT 1 "clk"
    .port_info 1 /INPUT 4 "mode_selector"
    .port_info 2 /INPUT 9 "ammo"
    .port_info 3 /INPUT 1 "loadingAmmo"
    .port_info 4 /INPUT 1 "fire"
    .port_info 5 /INPUT 9 "fireRate"
    .port_info 6 /OUTPUT 1 "error"
v0x55a954f78000_0 .net "ammo", 8 0, v0x55a954f78890_0;  1 drivers
v0x55a954f78170_0 .net "clk", 0 0, v0x55a954f78970_0;  1 drivers
v0x55a954f782c0_0 .var "error", 0 0;
v0x55a954f78360_0 .net "fire", 0 0, v0x55a954f78ad0_0;  1 drivers
v0x55a954f78400_0 .net "fireRate", 8 0, v0x55a954f78ba0_0;  1 drivers
v0x55a954f784c0_0 .net "loadingAmmo", 0 0, v0x55a954f78c90_0;  1 drivers
v0x55a954f78560_0 .net "mode", 0 0, L_0x55a954f799c0;  1 drivers
v0x55a954f78600_0 .net "mode_selector", 3 0, v0x55a954f78d30_0;  1 drivers
v0x55a954f786a0_0 .var "shoot", 0 0;
S_0x55a954f3c030 .scope module, "modeSel" "Mux4" 2 123, 2 65 0, S_0x55a954f3c350;
 .timescale 0 0;
    .port_info 0 /INPUT 1 "a3"
    .port_info 1 /INPUT 1 "a2"
    .port_info 2 /INPUT 1 "a1"
    .port_info 3 /INPUT 1 "a0"
    .port_info 4 /INPUT 4 "s"
    .port_info 5 /OUTPUT 1 "b"
P_0x55a954f44250 .param/l "k" 0 2 66, +C4<00000000000000000000000000000001>;
L_0x7fe6ea9e5018 .functor BUFT 1, C4<0>, C4<0>, C4<0>, C4<0>;
L_0x55a954f1ea20 .functor AND 1, L_0x55a954f78ec0, L_0x7fe6ea9e5018, C4<1>, C4<1>;
L_0x7fe6ea9e5060 .functor BUFT 1, C4<0>, C4<0>, C4<0>, C4<0>;
L_0x55a954f21030 .functor AND 1, L_0x55a954f79160, L_0x7fe6ea9e5060, C4<1>, C4<1>;
L_0x55a954f49930 .functor OR 1, L_0x55a954f1ea20, L_0x55a954f21030, C4<0>, C4<0>;
L_0x7fe6ea9e50a8 .functor BUFT 1, C4<1>, C4<0>, C4<0>, C4<0>;
L_0x55a954f499a0 .functor AND 1, L_0x55a954f79420, L_0x7fe6ea9e50a8, C4<1>, C4<1>;
L_0x55a954f795d0 .functor OR 1, L_0x55a954f49930, L_0x55a954f499a0, C4<0>, C4<0>;
L_0x7fe6ea9e50f0 .functor BUFT 1, C4<0>, C4<0>, C4<0>, C4<0>;
L_0x55a954f798c0 .functor AND 1, L_0x55a954f79780, L_0x7fe6ea9e50f0, C4<1>, C4<1>;
L_0x55a954f799c0 .functor OR 1, L_0x55a954f795d0, L_0x55a954f798c0, C4<0>, C4<0>;
v0x55a954f3bd20_0 .net *"_s1", 0 0, L_0x55a954f78e20;  1 drivers
v0x55a954f70af0_0 .net *"_s10", 0 0, L_0x55a954f21030;  1 drivers
v0x55a954f70bd0_0 .net *"_s12", 0 0, L_0x55a954f49930;  1 drivers
v0x55a954f70c90_0 .net *"_s15", 0 0, L_0x55a954f79380;  1 drivers
v0x55a954f70d70_0 .net *"_s16", 0 0, L_0x55a954f79420;  1 drivers
v0x55a954f70ea0_0 .net *"_s18", 0 0, L_0x55a954f499a0;  1 drivers
v0x55a954f70f80_0 .net *"_s2", 0 0, L_0x55a954f78ec0;  1 drivers
v0x55a954f71060_0 .net *"_s20", 0 0, L_0x55a954f795d0;  1 drivers
v0x55a954f71140_0 .net *"_s23", 0 0, L_0x55a954f796e0;  1 drivers
v0x55a954f71220_0 .net *"_s24", 0 0, L_0x55a954f79780;  1 drivers
v0x55a954f71300_0 .net *"_s26", 0 0, L_0x55a954f798c0;  1 drivers
v0x55a954f713e0_0 .net *"_s4", 0 0, L_0x55a954f1ea20;  1 drivers
v0x55a954f714c0_0 .net *"_s7", 0 0, L_0x55a954f79000;  1 drivers
v0x55a954f715a0_0 .net *"_s8", 0 0, L_0x55a954f79160;  1 drivers
v0x55a954f71680_0 .net "a0", 0 0, L_0x7fe6ea9e50f0;  1 drivers
v0x55a954f71760_0 .net "a1", 0 0, L_0x7fe6ea9e50a8;  1 drivers
v0x55a954f71840_0 .net "a2", 0 0, L_0x7fe6ea9e5060;  1 drivers
v0x55a954f71920_0 .net "a3", 0 0, L_0x7fe6ea9e5018;  1 drivers
v0x55a954f71a00_0 .net "b", 0 0, L_0x55a954f799c0;  alias, 1 drivers
v0x55a954f71ae0_0 .net "s", 3 0, v0x55a954f78d30_0;  alias, 1 drivers
L_0x55a954f78e20 .part v0x55a954f78d30_0, 3, 1;
L_0x55a954f78ec0 .concat [ 1 0 0 0], L_0x55a954f78e20;
L_0x55a954f79000 .part v0x55a954f78d30_0, 2, 1;
L_0x55a954f79160 .concat [ 1 0 0 0], L_0x55a954f79000;
L_0x55a954f79380 .part v0x55a954f78d30_0, 1, 1;
L_0x55a954f79420 .concat [ 1 0 0 0], L_0x55a954f79380;
L_0x55a954f796e0 .part v0x55a954f78d30_0, 0, 1;
L_0x55a954f79780 .concat [ 1 0 0 0], L_0x55a954f796e0;
S_0x55a954f71c80 .scope module, "run" "ammoCount" 2 124, 2 92 0, S_0x55a954f3c350;
 .timescale 0 0;
    .port_info 0 /INPUT 1 "clk"
    .port_info 1 /INPUT 9 "ammoIn"
    .port_info 2 /INPUT 1 "load"
    .port_info 3 /INPUT 1 "fire"
    .port_info 4 /INPUT 9 "fireRate"
v0x55a954f77990_0 .net "ammoIn", 8 0, v0x55a954f78890_0;  alias, 1 drivers
v0x55a954f77a70_0 .net "ammoOut", 8 0, v0x55a954f726a0_0;  1 drivers
v0x55a954f77b30_0 .net "clk", 0 0, v0x55a954f78970_0;  alias, 1 drivers
v0x55a954f77bd0_0 .net "fire", 0 0, v0x55a954f786a0_0;  1 drivers
v0x55a954f77c70_0 .net "fireRate", 8 0, v0x55a954f78ba0_0;  alias, 1 drivers
v0x55a954f77d10_0 .net "load", 0 0, v0x55a954f78c90_0;  alias, 1 drivers
v0x55a954f77db0_0 .var "loadMax", 1 0;
v0x55a954f77ea0_0 .var "rst", 0 0;
v0x55a954f77f40_0 .var "up", 0 0;
S_0x55a954f71ea0 .scope module, "sat" "SaturationCounter" 2 96, 2 4 0, S_0x55a954f71c80;
 .timescale 0 0;
    .port_info 0 /INPUT 1 "clk"
    .port_info 1 /INPUT 1 "rst"
    .port_info 2 /INPUT 1 "up"
    .port_info 3 /INPUT 1 "down"
    .port_info 4 /INPUT 1 "load"
    .port_info 5 /INPUT 2 "loadMax"
    .port_info 6 /INPUT 9 "in"
    .port_info 7 /OUTPUT 9 "out"
    .port_info 8 /INPUT 9 "rate"
P_0x55a954f72070 .param/l "n" 0 2 5, +C4<00000000000000000000000000001001>;
L_0x55a954f8ca80 .functor NOT 1, v0x55a954f77ea0_0, C4<0>, C4<0>, C4<0>;
L_0x55a954f8cb40 .functor NOT 1, v0x55a954f77f40_0, C4<0>, C4<0>, C4<0>;
L_0x55a954f8cc00 .functor AND 1, L_0x55a954f8ca80, L_0x55a954f8cb40, C4<1>, C4<1>;
L_0x55a954f8cd10 .functor NOT 1, v0x55a954f786a0_0, C4<0>, C4<0>, C4<0>;
L_0x55a954f8cd80 .functor AND 1, L_0x55a954f8cc00, L_0x55a954f8cd10, C4<1>, C4<1>;
L_0x55a954f8ce90 .functor NOT 1, v0x55a954f78c90_0, C4<0>, C4<0>, C4<0>;
L_0x55a954f8cf40 .functor AND 1, L_0x55a954f8cd80, L_0x55a954f8ce90, C4<1>, C4<1>;
L_0x55a954f8d000 .functor NOT 1, v0x55a954f77ea0_0, C4<0>, C4<0>, C4<0>;
L_0x55a954f8d0c0 .functor AND 1, L_0x55a954f8d000, v0x55a954f78c90_0, C4<1>, C4<1>;
L_0x55a954f8d180 .functor NOT 1, v0x55a954f77ea0_0, C4<0>, C4<0>, C4<0>;
L_0x55a954f8d2e0 .functor OR 1, v0x55a954f77f40_0, v0x55a954f786a0_0, C4<0>, C4<0>;
L_0x55a954f8d350 .functor AND 1, L_0x55a954f8d180, L_0x55a954f8d2e0, C4<1>, C4<1>;
v0x55a954f75060_0 .net *"_s0", 0 0, L_0x55a954f7a3e0;  1 drivers
L_0x7fe6ea9e5180 .functor BUFT 1, C4<00000000000000000000000000000000>, C4<0>, C4<0>, C4<0>;
v0x55a954f75140_0 .net/2u *"_s12", 31 0, L_0x7fe6ea9e5180;  1 drivers
v0x55a954f75220_0 .net *"_s14", 31 0, L_0x55a954f8ab20;  1 drivers
L_0x7fe6ea9e51c8 .functor BUFT 1, C4<00000000000000000000000>, C4<0>, C4<0>, C4<0>;
v0x55a954f752e0_0 .net *"_s17", 22 0, L_0x7fe6ea9e51c8;  1 drivers
v0x55a954f753c0_0 .net *"_s18", 0 0, L_0x55a954f8ac50;  1 drivers
v0x55a954f75480_0 .net *"_s2", 7 0, L_0x55a954f7a510;  1 drivers
v0x55a954f75560_0 .net *"_s20", 8 0, L_0x55a954f8ad90;  1 drivers
L_0x7fe6ea9e5210 .functor BUFT 1, C4<000000000>, C4<0>, C4<0>, C4<0>;
v0x55a954f75640_0 .net/2u *"_s22", 8 0, L_0x7fe6ea9e5210;  1 drivers
v0x55a954f75720_0 .net *"_s26", 0 0, L_0x55a954f8afc0;  1 drivers
v0x55a954f75800_0 .net *"_s28", 31 0, L_0x55a954f8b0c0;  1 drivers
L_0x7fe6ea9e5258 .functor BUFT 1, C4<0000000000000000000000000000000>, C4<0>, C4<0>, C4<0>;
v0x55a954f758e0_0 .net *"_s31", 30 0, L_0x7fe6ea9e5258;  1 drivers
L_0x7fe6ea9e52a0 .functor BUFT 1, C4<00000000000000000000000000000000>, C4<0>, C4<0>, C4<0>;
v0x55a954f759c0_0 .net/2u *"_s32", 31 0, L_0x7fe6ea9e52a0;  1 drivers
v0x55a954f75aa0_0 .net *"_s34", 0 0, L_0x55a954f8b240;  1 drivers
v0x55a954f75b60_0 .net *"_s36", 8 0, L_0x55a954f8b3a0;  1 drivers
v0x55a954f75c40_0 .net *"_s38", 8 0, L_0x55a954f8b490;  1 drivers
L_0x7fe6ea9e5138 .functor BUFT 1, C4<1>, C4<0>, C4<0>, C4<0>;
v0x55a954f75d20_0 .net/2u *"_s4", 0 0, L_0x7fe6ea9e5138;  1 drivers
v0x55a954f75e00_0 .net *"_s44", 0 0, L_0x55a954f8ca80;  1 drivers
v0x55a954f75ff0_0 .net *"_s46", 0 0, L_0x55a954f8cb40;  1 drivers
v0x55a954f760d0_0 .net *"_s48", 0 0, L_0x55a954f8cc00;  1 drivers
v0x55a954f761b0_0 .net *"_s50", 0 0, L_0x55a954f8cd10;  1 drivers
v0x55a954f76290_0 .net *"_s52", 0 0, L_0x55a954f8cd80;  1 drivers
v0x55a954f76370_0 .net *"_s54", 0 0, L_0x55a954f8ce90;  1 drivers
v0x55a954f76450_0 .net *"_s56", 0 0, L_0x55a954f8cf40;  1 drivers
v0x55a954f76530_0 .net *"_s58", 0 0, L_0x55a954f8d000;  1 drivers
v0x55a954f76610_0 .net *"_s6", 8 0, L_0x55a954f7a750;  1 drivers
v0x55a954f766f0_0 .net *"_s60", 0 0, L_0x55a954f8d0c0;  1 drivers
v0x55a954f767d0_0 .net *"_s62", 0 0, L_0x55a954f8d180;  1 drivers
v0x55a954f768b0_0 .net *"_s64", 0 0, L_0x55a954f8d2e0;  1 drivers
v0x55a954f76990_0 .net *"_s66", 0 0, L_0x55a954f8d350;  1 drivers
v0x55a954f76a70_0 .net *"_s8", 8 0, L_0x55a954f7a840;  1 drivers
v0x55a954f76b50_0 .net "clk", 0 0, v0x55a954f78970_0;  alias, 1 drivers
v0x55a954f76bf0_0 .net "down", 0 0, v0x55a954f786a0_0;  alias, 1 drivers
v0x55a954f76cb0_0 .net "in", 8 0, v0x55a954f78890_0;  alias, 1 drivers
v0x55a954f76dc0_0 .net "load", 0 0, v0x55a954f78c90_0;  alias, 1 drivers
v0x55a954f76e80_0 .net "loadMax", 1 0, v0x55a954f77db0_0;  1 drivers
v0x55a954f76f40_0 .net "max", 8 0, v0x55a954f72b80_0;  1 drivers
v0x55a954f77030_0 .net "mux2out", 8 0, L_0x55a954f7a2d0;  1 drivers
v0x55a954f77140_0 .net "next", 8 0, L_0x55a954f8c920;  1 drivers
v0x55a954f77250_0 .net "out", 8 0, v0x55a954f726a0_0;  alias, 1 drivers
v0x55a954f77360_0 .net "outDown", 8 0, L_0x55a954f8ae80;  1 drivers
v0x55a954f77440_0 .net "outUp", 8 0, L_0x55a954f7a9d0;  1 drivers
v0x55a954f77520_0 .net "outpm1", 8 0, L_0x55a954f8b600;  1 drivers
v0x55a954f775e0_0 .net "rate", 8 0, v0x55a954f78ba0_0;  alias, 1 drivers
v0x55a954f776a0_0 .net "rst", 0 0, v0x55a954f77ea0_0;  1 drivers
v0x55a954f77760_0 .net "up", 0 0, v0x55a954f77f40_0;  1 drivers
L_0x55a954f7a3e0 .cmp/gt 9, v0x55a954f72b80_0, v0x55a954f726a0_0;
LS_0x55a954f7a510_0_0 .concat [ 1 1 1 1], v0x55a954f786a0_0, v0x55a954f786a0_0, v0x55a954f786a0_0, v0x55a954f786a0_0;
LS_0x55a954f7a510_0_4 .concat [ 1 1 1 1], v0x55a954f786a0_0, v0x55a954f786a0_0, v0x55a954f786a0_0, v0x55a954f786a0_0;
L_0x55a954f7a510 .concat [ 4 4 0 0], LS_0x55a954f7a510_0_0, LS_0x55a954f7a510_0_4;
L_0x55a954f7a750 .concat [ 1 8 0 0], L_0x7fe6ea9e5138, L_0x55a954f7a510;
L_0x55a954f7a840 .arith/sum 9, v0x55a954f726a0_0, L_0x55a954f7a750;
L_0x55a954f7a9d0 .functor MUXZ 9, v0x55a954f72b80_0, L_0x55a954f7a840, L_0x55a954f7a3e0, C4<>;
L_0x55a954f8ab20 .concat [ 9 23 0 0], v0x55a954f726a0_0, L_0x7fe6ea9e51c8;
L_0x55a954f8ac50 .cmp/gt 32, L_0x55a954f8ab20, L_0x7fe6ea9e5180;
L_0x55a954f8ad90 .arith/sub 9, v0x55a954f726a0_0, v0x55a954f78ba0_0;
L_0x55a954f8ae80 .functor MUXZ 9, L_0x7fe6ea9e5210, L_0x55a954f8ad90, L_0x55a954f8ac50, C4<>;
L_0x55a954f8afc0 .concat [ 1 0 0 0], v0x55a954f786a0_0;
L_0x55a954f8b0c0 .concat [ 1 31 0 0], L_0x55a954f8afc0, L_0x7fe6ea9e5258;
L_0x55a954f8b240 .cmp/gt 32, L_0x55a954f8b0c0, L_0x7fe6ea9e52a0;
L_0x55a954f8b3a0 .concat [ 9 0 0 0], L_0x55a954f8ae80;
L_0x55a954f8b490 .concat [ 9 0 0 0], L_0x55a954f7a9d0;
L_0x55a954f8b600 .functor MUXZ 9, L_0x55a954f8b490, L_0x55a954f8b3a0, L_0x55a954f8b240, C4<>;
L_0x55a954f8d430 .concat [ 1 1 1 1], v0x55a954f77ea0_0, L_0x55a954f8d350, L_0x55a954f8d0c0, L_0x55a954f8cf40;
S_0x55a954f72240 .scope module, "count" "DFF" 2 41, 2 49 0, S_0x55a954f71ea0;
 .timescale 0 0;
    .port_info 0 /INPUT 1 "clk"
    .port_info 1 /INPUT 9 "in"
    .port_info 2 /OUTPUT 9 "out"
v0x55a954f724e0_0 .net "clk", 0 0, v0x55a954f78970_0;  alias, 1 drivers
v0x55a954f725c0_0 .net "in", 8 0, L_0x55a954f8c920;  alias, 1 drivers
v0x55a954f726a0_0 .var "out", 8 0;
E_0x55a954f219b0 .event posedge, v0x55a954f724e0_0;
S_0x55a954f727e0 .scope module, "maxcount" "DFF" 2 29, 2 49 0, S_0x55a954f71ea0;
 .timescale 0 0;
    .port_info 0 /INPUT 1 "clk"
    .port_info 1 /INPUT 9 "in"
    .port_info 2 /OUTPUT 9 "out"
v0x55a954f72a00_0 .net "clk", 0 0, v0x55a954f78970_0;  alias, 1 drivers
v0x55a954f72ac0_0 .net "in", 8 0, L_0x55a954f7a2d0;  alias, 1 drivers
v0x55a954f72b80_0 .var "out", 8 0;
S_0x55a954f72cf0 .scope module, "mux" "Mux4" 2 42, 2 65 0, S_0x55a954f71ea0;
 .timescale 0 0;
    .port_info 0 /INPUT 9 "a3"
    .port_info 1 /INPUT 9 "a2"
    .port_info 2 /INPUT 9 "a1"
    .port_info 3 /INPUT 9 "a0"
    .port_info 4 /INPUT 4 "s"
    .port_info 5 /OUTPUT 9 "b"
P_0x55a954f72ef0 .param/l "k" 0 2 66, +C4<00000000000000000000000000001001>;
L_0x55a954f8b330 .functor AND 9, L_0x55a954f8b880, v0x55a954f726a0_0, C4<111111111>, C4<111111111>;
L_0x55a954f7a8e0 .functor AND 9, L_0x55a954f8bd10, v0x55a954f78890_0, C4<111111111>, C4<111111111>;
L_0x55a954f8bf70 .functor OR 9, L_0x55a954f8b330, L_0x55a954f7a8e0, C4<000000000>, C4<000000000>;
L_0x55a954f8c3c0 .functor AND 9, L_0x55a954f8c120, L_0x55a954f8b600, C4<111111111>, C4<111111111>;
L_0x55a954f8c460 .functor OR 9, L_0x55a954f8bf70, L_0x55a954f8c3c0, C4<000000000>, C4<000000000>;
L_0x7fe6ea9e52e8 .functor BUFT 1, C4<000000000>, C4<0>, C4<0>, C4<0>;
L_0x55a954f8c870 .functor AND 9, L_0x55a954f8c610, L_0x7fe6ea9e52e8, C4<111111111>, C4<111111111>;
L_0x55a954f8c920 .functor OR 9, L_0x55a954f8c460, L_0x55a954f8c870, C4<000000000>, C4<000000000>;
v0x55a954f73060_0 .net *"_s1", 0 0, L_0x55a954f8b7e0;  1 drivers
v0x55a954f73120_0 .net *"_s10", 8 0, L_0x55a954f7a8e0;  1 drivers
v0x55a954f73200_0 .net *"_s12", 8 0, L_0x55a954f8bf70;  1 drivers
v0x55a954f732f0_0 .net *"_s15", 0 0, L_0x55a954f8c080;  1 drivers
v0x55a954f733d0_0 .net *"_s16", 8 0, L_0x55a954f8c120;  1 drivers
v0x55a954f73500_0 .net *"_s18", 8 0, L_0x55a954f8c3c0;  1 drivers
v0x55a954f735e0_0 .net *"_s2", 8 0, L_0x55a954f8b880;  1 drivers
v0x55a954f736c0_0 .net *"_s20", 8 0, L_0x55a954f8c460;  1 drivers
v0x55a954f737a0_0 .net *"_s23", 0 0, L_0x55a954f8c570;  1 drivers
v0x55a954f73880_0 .net *"_s24", 8 0, L_0x55a954f8c610;  1 drivers
v0x55a954f73960_0 .net *"_s26", 8 0, L_0x55a954f8c870;  1 drivers
v0x55a954f73a40_0 .net *"_s4", 8 0, L_0x55a954f8b330;  1 drivers
v0x55a954f73b20_0 .net *"_s7", 0 0, L_0x55a954f8bc20;  1 drivers
v0x55a954f73c00_0 .net *"_s8", 8 0, L_0x55a954f8bd10;  1 drivers
v0x55a954f73ce0_0 .net "a0", 8 0, L_0x7fe6ea9e52e8;  1 drivers
v0x55a954f73dc0_0 .net "a1", 8 0, L_0x55a954f8b600;  alias, 1 drivers
v0x55a954f73ea0_0 .net "a2", 8 0, v0x55a954f78890_0;  alias, 1 drivers
v0x55a954f73f80_0 .net "a3", 8 0, v0x55a954f726a0_0;  alias, 1 drivers
v0x55a954f74040_0 .net "b", 8 0, L_0x55a954f8c920;  alias, 1 drivers
v0x55a954f74110_0 .net "s", 3 0, L_0x55a954f8d430;  1 drivers
L_0x55a954f8b7e0 .part L_0x55a954f8d430, 3, 1;
LS_0x55a954f8b880_0_0 .concat [ 1 1 1 1], L_0x55a954f8b7e0, L_0x55a954f8b7e0, L_0x55a954f8b7e0, L_0x55a954f8b7e0;
LS_0x55a954f8b880_0_4 .concat [ 1 1 1 1], L_0x55a954f8b7e0, L_0x55a954f8b7e0, L_0x55a954f8b7e0, L_0x55a954f8b7e0;
LS_0x55a954f8b880_0_8 .concat [ 1 0 0 0], L_0x55a954f8b7e0;
L_0x55a954f8b880 .concat [ 4 4 1 0], LS_0x55a954f8b880_0_0, LS_0x55a954f8b880_0_4, LS_0x55a954f8b880_0_8;
L_0x55a954f8bc20 .part L_0x55a954f8d430, 2, 1;
LS_0x55a954f8bd10_0_0 .concat [ 1 1 1 1], L_0x55a954f8bc20, L_0x55a954f8bc20, L_0x55a954f8bc20, L_0x55a954f8bc20;
LS_0x55a954f8bd10_0_4 .concat [ 1 1 1 1], L_0x55a954f8bc20, L_0x55a954f8bc20, L_0x55a954f8bc20, L_0x55a954f8bc20;
LS_0x55a954f8bd10_0_8 .concat [ 1 0 0 0], L_0x55a954f8bc20;
L_0x55a954f8bd10 .concat [ 4 4 1 0], LS_0x55a954f8bd10_0_0, LS_0x55a954f8bd10_0_4, LS_0x55a954f8bd10_0_8;
L_0x55a954f8c080 .part L_0x55a954f8d430, 1, 1;
LS_0x55a954f8c120_0_0 .concat [ 1 1 1 1], L_0x55a954f8c080, L_0x55a954f8c080, L_0x55a954f8c080, L_0x55a954f8c080;
LS_0x55a954f8c120_0_4 .concat [ 1 1 1 1], L_0x55a954f8c080, L_0x55a954f8c080, L_0x55a954f8c080, L_0x55a954f8c080;
LS_0x55a954f8c120_0_8 .concat [ 1 0 0 0], L_0x55a954f8c080;
L_0x55a954f8c120 .concat [ 4 4 1 0], LS_0x55a954f8c120_0_0, LS_0x55a954f8c120_0_4, LS_0x55a954f8c120_0_8;
L_0x55a954f8c570 .part L_0x55a954f8d430, 0, 1;
LS_0x55a954f8c610_0_0 .concat [ 1 1 1 1], L_0x55a954f8c570, L_0x55a954f8c570, L_0x55a954f8c570, L_0x55a954f8c570;
LS_0x55a954f8c610_0_4 .concat [ 1 1 1 1], L_0x55a954f8c570, L_0x55a954f8c570, L_0x55a954f8c570, L_0x55a954f8c570;
LS_0x55a954f8c610_0_8 .concat [ 1 0 0 0], L_0x55a954f8c570;
L_0x55a954f8c610 .concat [ 4 4 1 0], LS_0x55a954f8c610_0_0, LS_0x55a954f8c610_0_4, LS_0x55a954f8c610_0_8;
S_0x55a954f74290 .scope module, "muxSat" "Mux2" 2 28, 2 80 0, S_0x55a954f71ea0;
 .timescale 0 0;
    .port_info 0 /INPUT 9 "a1"
    .port_info 1 /INPUT 9 "a0"
    .port_info 2 /INPUT 2 "s"
    .port_info 3 /OUTPUT 9 "b"
P_0x55a954f74410 .param/l "k" 0 2 81, +C4<00000000000000000000000000001001>;
L_0x55a954f79e80 .functor AND 9, L_0x55a954f79d00, v0x55a954f78890_0, C4<111111111>, C4<111111111>;
L_0x55a954f7a260 .functor AND 9, L_0x55a954f79f90, v0x55a954f72b80_0, C4<111111111>, C4<111111111>;
L_0x55a954f7a2d0 .functor OR 9, L_0x55a954f79e80, L_0x55a954f7a260, C4<000000000>, C4<000000000>;
v0x55a954f74510_0 .net *"_s1", 0 0, L_0x55a954f79c60;  1 drivers
v0x55a954f74610_0 .net *"_s10", 8 0, L_0x55a954f7a260;  1 drivers
v0x55a954f746f0_0 .net *"_s2", 8 0, L_0x55a954f79d00;  1 drivers
v0x55a954f747e0_0 .net *"_s4", 8 0, L_0x55a954f79e80;  1 drivers
v0x55a954f748c0_0 .net *"_s7", 0 0, L_0x55a954f79ef0;  1 drivers
v0x55a954f749f0_0 .net *"_s8", 8 0, L_0x55a954f79f90;  1 drivers
v0x55a954f74ad0_0 .net "a0", 8 0, v0x55a954f72b80_0;  alias, 1 drivers
v0x55a954f74b90_0 .net "a1", 8 0, v0x55a954f78890_0;  alias, 1 drivers
o0x7fe6eaa2eca8 .functor BUFZ 9, C4<zzzzzzzzz>; HiZ drive
v0x55a954f74c60_0 .net "a2", 8 0, o0x7fe6eaa2eca8;  0 drivers
o0x7fe6eaa2ecd8 .functor BUFZ 9, C4<zzzzzzzzz>; HiZ drive
v0x55a954f74d20_0 .net "a3", 8 0, o0x7fe6eaa2ecd8;  0 drivers
v0x55a954f74e00_0 .net "b", 8 0, L_0x55a954f7a2d0;  alias, 1 drivers
v0x55a954f74ef0_0 .net "s", 1 0, v0x55a954f77db0_0;  alias, 1 drivers
L_0x55a954f79c60 .part v0x55a954f77db0_0, 1, 1;
LS_0x55a954f79d00_0_0 .concat [ 1 1 1 1], L_0x55a954f79c60, L_0x55a954f79c60, L_0x55a954f79c60, L_0x55a954f79c60;
LS_0x55a954f79d00_0_4 .concat [ 1 1 1 1], L_0x55a954f79c60, L_0x55a954f79c60, L_0x55a954f79c60, L_0x55a954f79c60;
LS_0x55a954f79d00_0_8 .concat [ 1 0 0 0], L_0x55a954f79c60;
L_0x55a954f79d00 .concat [ 4 4 1 0], LS_0x55a954f79d00_0_0, LS_0x55a954f79d00_0_4, LS_0x55a954f79d00_0_8;
L_0x55a954f79ef0 .part v0x55a954f77db0_0, 0, 1;
LS_0x55a954f79f90_0_0 .concat [ 1 1 1 1], L_0x55a954f79ef0, L_0x55a954f79ef0, L_0x55a954f79ef0, L_0x55a954f79ef0;
LS_0x55a954f79f90_0_4 .concat [ 1 1 1 1], L_0x55a954f79ef0, L_0x55a954f79ef0, L_0x55a954f79ef0, L_0x55a954f79ef0;
LS_0x55a954f79f90_0_8 .concat [ 1 0 0 0], L_0x55a954f79ef0;
L_0x55a954f79f90 .concat [ 4 4 1 0], LS_0x55a954f79f90_0_0, LS_0x55a954f79f90_0_4, LS_0x55a954f79f90_0_8;
    .scope S_0x55a954f727e0;
T_0 ;
    %wait E_0x55a954f219b0;
    %load/vec4 v0x55a954f72ac0_0;
    %store/vec4 v0x55a954f72b80_0, 0, 9;
    %jmp T_0;
    .thread T_0;
    .scope S_0x55a954f72240;
T_1 ;
    %wait E_0x55a954f219b0;
    %load/vec4 v0x55a954f725c0_0;
    %store/vec4 v0x55a954f726a0_0, 0, 9;
    %jmp T_1;
    .thread T_1;
    .scope S_0x55a954f71c80;
T_2 ;
    %delay 1, 0;
    %vpi_call 2 103 "$display", "CLK|RST| UP|DOWN|LOAD|LOAD_MAX|   OUTPUT" {0 0 0};
    %vpi_call 2 104 "$display", "---+---+---+----+----+--------+-----------" {0 0 0};
T_2.0 ;
    %delay 5, 0;
    %vpi_call 2 108 "$display", " %1b | %1b | %1b |  %1b |  %1b |    %1b   |%5b [%d]", v0x55a954f77b30_0, v0x55a954f77ea0_0, v0x55a954f77f40_0, v0x55a954f77bd0_0, v0x55a954f77d10_0, &PV<v0x55a954f77db0_0, 1, 1>, v0x55a954f77a70_0, v0x55a954f77a70_0 {0 0 0};
    %jmp T_2.0;
    %end;
    .thread T_2;
    .scope S_0x55a954f71c80;
T_3 ;
    %pushi/vec4 0, 0, 1;
    %store/vec4 v0x55a954f77f40_0, 0, 1;
    %pushi/vec4 0, 0, 1;
    %store/vec4 v0x55a954f77ea0_0, 0, 1;
    %pushi/vec4 1, 0, 2;
    %store/vec4 v0x55a954f77db0_0, 0, 2;
    %end;
    .thread T_3;
    .scope S_0x55a954f3c350;
T_4 ;
T_4.0 ;
    %delay 5, 0;
    %load/vec4 v0x55a954f78360_0;
    %load/vec4 v0x55a954f784c0_0;
    %nor/r;
    %and;
    %store/vec4 v0x55a954f786a0_0, 0, 1;
    %load/vec4 v0x55a954f78360_0;
    %load/vec4 v0x55a954f78560_0;
    %nor/r;
    %and;
    %load/vec4 v0x55a954f78360_0;
    %load/vec4 v0x55a954f78000_0;
    %nor/r;
    %and;
    %or;
    %store/vec4 v0x55a954f782c0_0, 0, 1;
    %vpi_call 2 131 "$display", "error: %b", v0x55a954f782c0_0 {0 0 0};
    %jmp T_4.0;
    %end;
    .thread T_4;
    .scope S_0x55a954f3c660;
T_5 ;
    %delay 11, 0;
    %pushi/vec4 0, 0, 1;
    %store/vec4 v0x55a954f78ad0_0, 0, 1;
    %pushi/vec4 500, 0, 9;
    %store/vec4 v0x55a954f78890_0, 0, 9;
    %delay 10, 0;
    %pushi/vec4 1, 0, 1;
    %store/vec4 v0x55a954f78c90_0, 0, 1;
    %vpi_call 2 154 "$display", "load into ammo reg" {0 0 0};
    %pushi/vec4 2, 0, 4;
    %store/vec4 v0x55a954f78d30_0, 0, 4;
    %delay 10, 0;
    %pushi/vec4 0, 0, 1;
    %store/vec4 v0x55a954f78c90_0, 0, 1;
    %vpi_call 2 157 "$display", "done loading ammo" {0 0 0};
    %pushi/vec4 5, 0, 9;
    %store/vec4 v0x55a954f78ba0_0, 0, 9;
    %pushi/vec4 1, 0, 1;
    %store/vec4 v0x55a954f78ad0_0, 0, 1;
    %vpi_call 2 159 "$display", "start firing" {0 0 0};
    %delay 100, 0;
    %pushi/vec4 1, 0, 1;
    %store/vec4 v0x55a954f78c90_0, 0, 1;
    %vpi_call 2 161 "$display", "Start loading" {0 0 0};
    %delay 10, 0;
    %pushi/vec4 200, 0, 9;
    %store/vec4 v0x55a954f78890_0, 0, 9;
    %vpi_call 2 163 "$display", "load ammo" {0 0 0};
    %delay 10, 0;
    %pushi/vec4 0, 0, 1;
    %store/vec4 v0x55a954f78c90_0, 0, 1;
    %vpi_call 2 165 "$display", "done loading" {0 0 0};
    %pushi/vec4 1, 0, 9;
    %store/vec4 v0x55a954f78ba0_0, 0, 9;
    %delay 200, 0;
    %pushi/vec4 0, 0, 1;
    %store/vec4 v0x55a954f78ad0_0, 0, 1;
    %vpi_call 2 168 "$display", "stop firing" {0 0 0};
    %delay 200, 0;
    %vpi_call 2 170 "$finish" {0 0 0};
    %end;
    .thread T_5;
    .scope S_0x55a954f3c660;
T_6 ;
T_6.0 ;
    %delay 5, 0;
    %pushi/vec4 0, 0, 1;
    %store/vec4 v0x55a954f78970_0, 0, 1;
    %delay 5, 0;
    %pushi/vec4 1, 0, 1;
    %store/vec4 v0x55a954f78970_0, 0, 1;
    %jmp T_6.0;
    %end;
    .thread T_6;
# The file index is used to find the file name in the following table.
:file_names 3;
    "N/A";
    "<interactive>";
    "weapons.v";
