#! /usr/local/iverilog/bin/vvp
:ivl_version "11.0 (devel)" "(s20150603-642-g3bdb50da)";
:ivl_delay_selection "TYPICAL";
:vpi_time_precision + 0;
:vpi_module "system";
:vpi_module "vhdl_sys";
:vpi_module "vhdl_textio";
:vpi_module "v2005_math";
:vpi_module "va_math";
S_00000000010e4b80 .scope module, "TestBench" "TestBench" 2 157;
 .timescale 0 0;
P_00000000010e99f0 .param/l "k" 0 2 158, +C4<00000000000000000000000000100000>;
v000000000114c870_0 .var "clk", 0 0;
v000000000114d090_0 .var "jump_position", 95 0;
v000000000114ca50_0 .var "mode", 3 0;
v000000000114caf0_0 .var "pos_mode", 3 0;
v000000000114cb90_0 .var "speed", 95 0;
L_00000000011b6ff0 .concat [ 32 32 32 0], v000000000114c730_0, v000000000114c5f0_0, v000000000114c7d0_0;
S_00000000010e52e0 .scope module, "position" "Position" 2 169, 2 85 0, S_00000000010e4b80;
 .timescale 0 0;
    .port_info 0 /INPUT 1 "clk";
    .port_info 1 /INPUT 4 "mode";
    .port_info 2 /INPUT 4 "pos_mode";
    .port_info 3 /INPUT 96 "jump_position";
    .port_info 4 /INPUT 96 "velocity";
P_00000000010e9cb0 .param/l "k" 0 2 86, +C4<00000000000000000000000000100000>;
v0000000001144530_0 .net "clk", 0 0, v000000000114c870_0;  1 drivers
v0000000001143770_0 .net "jump_position", 95 0, v000000000114d090_0;  1 drivers
v00000000011445d0_0 .net "mode", 3 0, v000000000114ca50_0;  1 drivers
v0000000001144850_0 .net "pos_mode", 3 0, v000000000114caf0_0;  1 drivers
v0000000001144710_0 .net "velocity", 95 0, L_00000000011b6ff0;  1 drivers
v0000000001144b70_0 .var "x", 31 0;
v0000000001143310_0 .var "y", 31 0;
v0000000001144c10_0 .var "z", 31 0;
E_00000000010e9bf0 .event edge, v00000000010d1800_0, v0000000001141940_0, v00000000011448f0_0;
L_00000000011a9950 .part v000000000114d090_0, 0, 32;
L_00000000011a9e50 .part L_00000000011b6ff0, 0, 32;
L_00000000011a9810 .part v000000000114d090_0, 32, 32;
L_00000000011a8730 .part L_00000000011b6ff0, 32, 32;
L_00000000011b80d0 .part v000000000114d090_0, 64, 32;
L_00000000011b6870 .part L_00000000011b6ff0, 64, 32;
S_00000000010e3b80 .scope module, "x_pos" "Axis_Position" 2 99, 2 58 0, S_00000000010e52e0;
 .timescale 0 0;
    .port_info 0 /INPUT 1 "clk";
    .port_info 1 /INPUT 4 "pos_mode";
    .port_info 2 /INPUT 32 "jump_position";
    .port_info 3 /INPUT 32 "velocity";
P_00000000010e93b0 .param/l "k" 0 2 60, +C4<00000000000000000000000000100000>;
v0000000001141c60_0 .net "adder_out", 31 0, L_00000000011a8550;  1 drivers
v0000000001141800_0 .net "clk", 0 0, v000000000114c870_0;  alias, 1 drivers
v0000000001142840_0 .net "jump_position", 31 0, L_00000000011a9950;  1 drivers
v0000000001142520_0 .net "next_position", 31 0, L_00000000011afcc0;  1 drivers
v00000000011423e0_0 .net "pos_mode", 3 0, v000000000114caf0_0;  alias, 1 drivers
v0000000001142980_0 .net "position", 31 0, v00000000010d1800_0;  1 drivers
v00000000011425c0_0 .net "velocity", 31 0, L_00000000011a9e50;  1 drivers
S_0000000001093aa0 .scope module, "Q" "DFF" 2 81, 2 16 0, S_00000000010e3b80;
 .timescale 0 0;
    .port_info 0 /INPUT 1 "clk";
    .port_info 1 /INPUT 32 "in";
    .port_info 2 /OUTPUT 32 "out";
P_00000000010e92f0 .param/l "k" 0 2 17, +C4<00000000000000000000000000100000>;
v00000000010d0fe0_0 .net "clk", 0 0, v000000000114c870_0;  alias, 1 drivers
v00000000010d1760_0 .net "in", 31 0, L_00000000011afcc0;  alias, 1 drivers
v00000000010d1800_0 .var "out", 31 0;
E_00000000010e9630 .event posedge, v00000000010d0fe0_0;
S_0000000001093c30 .scope module, "add" "Adder" 2 71, 2 47 0, S_00000000010e3b80;
 .timescale 0 0;
    .port_info 0 /INPUT 32 "a";
    .port_info 1 /INPUT 32 "b";
    .port_info 2 /OUTPUT 32 "out";
P_00000000010e9e70 .param/l "k" 0 2 48, +C4<00000000000000000000000000100000>;
v00000000010d07c0_0 .net "a", 31 0, v00000000010d1800_0;  alias, 1 drivers
v00000000010d1080_0 .net "b", 31 0, L_00000000011a9e50;  alias, 1 drivers
v00000000010d0a40_0 .net "out", 31 0, L_00000000011a8550;  alias, 1 drivers
L_00000000011a8550 .arith/sum 32, v00000000010d1800_0, L_00000000011a9e50;
S_00000000010e33a0 .scope module, "position_mux" "Mux4" 2 78, 2 33 0, S_00000000010e3b80;
 .timescale 0 0;
    .port_info 0 /INPUT 32 "a3";
    .port_info 1 /INPUT 32 "a2";
    .port_info 2 /INPUT 32 "a1";
    .port_info 3 /INPUT 32 "a0";
    .port_info 4 /INPUT 4 "s";
    .port_info 5 /OUTPUT 32 "b";
P_00000000010e9830 .param/l "k" 0 2 34, +C4<00000000000000000000000000100000>;
L_00000000011afef0 .functor AND 32, L_00000000011a98b0, v00000000010d1800_0, C4<11111111111111111111111111111111>, C4<11111111111111111111111111111111>;
L_00000000011afb00 .functor AND 32, L_00000000011a8190, L_00000000011a9950, C4<11111111111111111111111111111111>, C4<11111111111111111111111111111111>;
L_00000000011afd30 .functor OR 32, L_00000000011afef0, L_00000000011afb00, C4<00000000000000000000000000000000>, C4<00000000000000000000000000000000>;
L_00000000011b04a0 .functor AND 32, L_00000000011a9db0, L_00000000011a8550, C4<11111111111111111111111111111111>, C4<11111111111111111111111111111111>;
L_00000000011afbe0 .functor OR 32, L_00000000011afd30, L_00000000011b04a0, C4<00000000000000000000000000000000>, C4<00000000000000000000000000000000>;
L_00000000011503e8 .functor BUFT 1, C4<00000000000000000000000000000000>, C4<0>, C4<0>, C4<0>;
L_00000000011b0350 .functor AND 32, L_00000000011a96d0, L_00000000011503e8, C4<11111111111111111111111111111111>, C4<11111111111111111111111111111111>;
L_00000000011afcc0 .functor OR 32, L_00000000011afbe0, L_00000000011b0350, C4<00000000000000000000000000000000>, C4<00000000000000000000000000000000>;
v00000000010d1300_0 .net *"_s1", 0 0, L_00000000011a9130;  1 drivers
v00000000010d1620_0 .net *"_s10", 31 0, L_00000000011afb00;  1 drivers
v00000000010d1da0_0 .net *"_s12", 31 0, L_00000000011afd30;  1 drivers
v00000000010d19e0_0 .net *"_s15", 0 0, L_00000000011a91d0;  1 drivers
v00000000010d1ee0_0 .net *"_s16", 31 0, L_00000000011a9db0;  1 drivers
v00000000010d1f80_0 .net *"_s18", 31 0, L_00000000011b04a0;  1 drivers
v00000000010d2020_0 .net *"_s2", 31 0, L_00000000011a98b0;  1 drivers
v00000000011427a0_0 .net *"_s20", 31 0, L_00000000011afbe0;  1 drivers
v0000000001142480_0 .net *"_s23", 0 0, L_00000000011a85f0;  1 drivers
v0000000001142020_0 .net *"_s24", 31 0, L_00000000011a96d0;  1 drivers
v0000000001142de0_0 .net *"_s26", 31 0, L_00000000011b0350;  1 drivers
v0000000001141da0_0 .net *"_s4", 31 0, L_00000000011afef0;  1 drivers
v0000000001141080_0 .net *"_s7", 0 0, L_00000000011a94f0;  1 drivers
v00000000011414e0_0 .net *"_s8", 31 0, L_00000000011a8190;  1 drivers
v0000000001141e40_0 .net "a0", 31 0, L_00000000011503e8;  1 drivers
v0000000001141300_0 .net "a1", 31 0, L_00000000011a8550;  alias, 1 drivers
v00000000011413a0_0 .net "a2", 31 0, L_00000000011a9950;  alias, 1 drivers
v0000000001141ee0_0 .net "a3", 31 0, v00000000010d1800_0;  alias, 1 drivers
v0000000001141760_0 .net "b", 31 0, L_00000000011afcc0;  alias, 1 drivers
v0000000001141440_0 .net "s", 3 0, v000000000114caf0_0;  alias, 1 drivers
L_00000000011a9130 .part v000000000114caf0_0, 3, 1;
LS_00000000011a98b0_0_0 .concat [ 1 1 1 1], L_00000000011a9130, L_00000000011a9130, L_00000000011a9130, L_00000000011a9130;
LS_00000000011a98b0_0_4 .concat [ 1 1 1 1], L_00000000011a9130, L_00000000011a9130, L_00000000011a9130, L_00000000011a9130;
LS_00000000011a98b0_0_8 .concat [ 1 1 1 1], L_00000000011a9130, L_00000000011a9130, L_00000000011a9130, L_00000000011a9130;
LS_00000000011a98b0_0_12 .concat [ 1 1 1 1], L_00000000011a9130, L_00000000011a9130, L_00000000011a9130, L_00000000011a9130;
LS_00000000011a98b0_0_16 .concat [ 1 1 1 1], L_00000000011a9130, L_00000000011a9130, L_00000000011a9130, L_00000000011a9130;
LS_00000000011a98b0_0_20 .concat [ 1 1 1 1], L_00000000011a9130, L_00000000011a9130, L_00000000011a9130, L_00000000011a9130;
LS_00000000011a98b0_0_24 .concat [ 1 1 1 1], L_00000000011a9130, L_00000000011a9130, L_00000000011a9130, L_00000000011a9130;
LS_00000000011a98b0_0_28 .concat [ 1 1 1 1], L_00000000011a9130, L_00000000011a9130, L_00000000011a9130, L_00000000011a9130;
LS_00000000011a98b0_1_0 .concat [ 4 4 4 4], LS_00000000011a98b0_0_0, LS_00000000011a98b0_0_4, LS_00000000011a98b0_0_8, LS_00000000011a98b0_0_12;
LS_00000000011a98b0_1_4 .concat [ 4 4 4 4], LS_00000000011a98b0_0_16, LS_00000000011a98b0_0_20, LS_00000000011a98b0_0_24, LS_00000000011a98b0_0_28;
L_00000000011a98b0 .concat [ 16 16 0 0], LS_00000000011a98b0_1_0, LS_00000000011a98b0_1_4;
L_00000000011a94f0 .part v000000000114caf0_0, 2, 1;
LS_00000000011a8190_0_0 .concat [ 1 1 1 1], L_00000000011a94f0, L_00000000011a94f0, L_00000000011a94f0, L_00000000011a94f0;
LS_00000000011a8190_0_4 .concat [ 1 1 1 1], L_00000000011a94f0, L_00000000011a94f0, L_00000000011a94f0, L_00000000011a94f0;
LS_00000000011a8190_0_8 .concat [ 1 1 1 1], L_00000000011a94f0, L_00000000011a94f0, L_00000000011a94f0, L_00000000011a94f0;
LS_00000000011a8190_0_12 .concat [ 1 1 1 1], L_00000000011a94f0, L_00000000011a94f0, L_00000000011a94f0, L_00000000011a94f0;
LS_00000000011a8190_0_16 .concat [ 1 1 1 1], L_00000000011a94f0, L_00000000011a94f0, L_00000000011a94f0, L_00000000011a94f0;
LS_00000000011a8190_0_20 .concat [ 1 1 1 1], L_00000000011a94f0, L_00000000011a94f0, L_00000000011a94f0, L_00000000011a94f0;
LS_00000000011a8190_0_24 .concat [ 1 1 1 1], L_00000000011a94f0, L_00000000011a94f0, L_00000000011a94f0, L_00000000011a94f0;
LS_00000000011a8190_0_28 .concat [ 1 1 1 1], L_00000000011a94f0, L_00000000011a94f0, L_00000000011a94f0, L_00000000011a94f0;
LS_00000000011a8190_1_0 .concat [ 4 4 4 4], LS_00000000011a8190_0_0, LS_00000000011a8190_0_4, LS_00000000011a8190_0_8, LS_00000000011a8190_0_12;
LS_00000000011a8190_1_4 .concat [ 4 4 4 4], LS_00000000011a8190_0_16, LS_00000000011a8190_0_20, LS_00000000011a8190_0_24, LS_00000000011a8190_0_28;
L_00000000011a8190 .concat [ 16 16 0 0], LS_00000000011a8190_1_0, LS_00000000011a8190_1_4;
L_00000000011a91d0 .part v000000000114caf0_0, 1, 1;
LS_00000000011a9db0_0_0 .concat [ 1 1 1 1], L_00000000011a91d0, L_00000000011a91d0, L_00000000011a91d0, L_00000000011a91d0;
LS_00000000011a9db0_0_4 .concat [ 1 1 1 1], L_00000000011a91d0, L_00000000011a91d0, L_00000000011a91d0, L_00000000011a91d0;
LS_00000000011a9db0_0_8 .concat [ 1 1 1 1], L_00000000011a91d0, L_00000000011a91d0, L_00000000011a91d0, L_00000000011a91d0;
LS_00000000011a9db0_0_12 .concat [ 1 1 1 1], L_00000000011a91d0, L_00000000011a91d0, L_00000000011a91d0, L_00000000011a91d0;
LS_00000000011a9db0_0_16 .concat [ 1 1 1 1], L_00000000011a91d0, L_00000000011a91d0, L_00000000011a91d0, L_00000000011a91d0;
LS_00000000011a9db0_0_20 .concat [ 1 1 1 1], L_00000000011a91d0, L_00000000011a91d0, L_00000000011a91d0, L_00000000011a91d0;
LS_00000000011a9db0_0_24 .concat [ 1 1 1 1], L_00000000011a91d0, L_00000000011a91d0, L_00000000011a91d0, L_00000000011a91d0;
LS_00000000011a9db0_0_28 .concat [ 1 1 1 1], L_00000000011a91d0, L_00000000011a91d0, L_00000000011a91d0, L_00000000011a91d0;
LS_00000000011a9db0_1_0 .concat [ 4 4 4 4], LS_00000000011a9db0_0_0, LS_00000000011a9db0_0_4, LS_00000000011a9db0_0_8, LS_00000000011a9db0_0_12;
LS_00000000011a9db0_1_4 .concat [ 4 4 4 4], LS_00000000011a9db0_0_16, LS_00000000011a9db0_0_20, LS_00000000011a9db0_0_24, LS_00000000011a9db0_0_28;
L_00000000011a9db0 .concat [ 16 16 0 0], LS_00000000011a9db0_1_0, LS_00000000011a9db0_1_4;
L_00000000011a85f0 .part v000000000114caf0_0, 0, 1;
LS_00000000011a96d0_0_0 .concat [ 1 1 1 1], L_00000000011a85f0, L_00000000011a85f0, L_00000000011a85f0, L_00000000011a85f0;
LS_00000000011a96d0_0_4 .concat [ 1 1 1 1], L_00000000011a85f0, L_00000000011a85f0, L_00000000011a85f0, L_00000000011a85f0;
LS_00000000011a96d0_0_8 .concat [ 1 1 1 1], L_00000000011a85f0, L_00000000011a85f0, L_00000000011a85f0, L_00000000011a85f0;
LS_00000000011a96d0_0_12 .concat [ 1 1 1 1], L_00000000011a85f0, L_00000000011a85f0, L_00000000011a85f0, L_00000000011a85f0;
LS_00000000011a96d0_0_16 .concat [ 1 1 1 1], L_00000000011a85f0, L_00000000011a85f0, L_00000000011a85f0, L_00000000011a85f0;
LS_00000000011a96d0_0_20 .concat [ 1 1 1 1], L_00000000011a85f0, L_00000000011a85f0, L_00000000011a85f0, L_00000000011a85f0;
LS_00000000011a96d0_0_24 .concat [ 1 1 1 1], L_00000000011a85f0, L_00000000011a85f0, L_00000000011a85f0, L_00000000011a85f0;
LS_00000000011a96d0_0_28 .concat [ 1 1 1 1], L_00000000011a85f0, L_00000000011a85f0, L_00000000011a85f0, L_00000000011a85f0;
LS_00000000011a96d0_1_0 .concat [ 4 4 4 4], LS_00000000011a96d0_0_0, LS_00000000011a96d0_0_4, LS_00000000011a96d0_0_8, LS_00000000011a96d0_0_12;
LS_00000000011a96d0_1_4 .concat [ 4 4 4 4], LS_00000000011a96d0_0_16, LS_00000000011a96d0_0_20, LS_00000000011a96d0_0_24, LS_00000000011a96d0_0_28;
L_00000000011a96d0 .concat [ 16 16 0 0], LS_00000000011a96d0_1_0, LS_00000000011a96d0_1_4;
S_00000000010e3530 .scope module, "y_pos" "Axis_Position" 2 100, 2 58 0, S_00000000010e52e0;
 .timescale 0 0;
    .port_info 0 /INPUT 1 "clk";
    .port_info 1 /INPUT 4 "pos_mode";
    .port_info 2 /INPUT 32 "jump_position";
    .port_info 3 /INPUT 32 "velocity";
P_00000000010ea0b0 .param/l "k" 0 2 60, +C4<00000000000000000000000000100000>;
v00000000011419e0_0 .net "adder_out", 31 0, L_00000000011a8370;  1 drivers
v0000000001141a80_0 .net "clk", 0 0, v000000000114c870_0;  alias, 1 drivers
v0000000001141bc0_0 .net "jump_position", 31 0, L_00000000011a9810;  1 drivers
v0000000001141d00_0 .net "next_position", 31 0, L_00000000011b00b0;  1 drivers
v0000000001143270_0 .net "pos_mode", 3 0, v000000000114caf0_0;  alias, 1 drivers
v00000000011438b0_0 .net "position", 31 0, v0000000001141940_0;  1 drivers
v0000000001144030_0 .net "velocity", 31 0, L_00000000011a8730;  1 drivers
S_00000000010951d0 .scope module, "Q" "DFF" 2 81, 2 16 0, S_00000000010e3530;
 .timescale 0 0;
    .port_info 0 /INPUT 1 "clk";
    .port_info 1 /INPUT 32 "in";
    .port_info 2 /OUTPUT 32 "out";
P_00000000010ea130 .param/l "k" 0 2 17, +C4<00000000000000000000000000100000>;
v0000000001141f80_0 .net "clk", 0 0, v000000000114c870_0;  alias, 1 drivers
v0000000001142ca0_0 .net "in", 31 0, L_00000000011b00b0;  alias, 1 drivers
v0000000001141940_0 .var "out", 31 0;
S_0000000001095360 .scope module, "add" "Adder" 2 71, 2 47 0, S_00000000010e3530;
 .timescale 0 0;
    .port_info 0 /INPUT 32 "a";
    .port_info 1 /INPUT 32 "b";
    .port_info 2 /OUTPUT 32 "out";
P_00000000010e9db0 .param/l "k" 0 2 48, +C4<00000000000000000000000000100000>;
v0000000001142660_0 .net "a", 31 0, v0000000001141940_0;  alias, 1 drivers
v0000000001142e80_0 .net "b", 31 0, L_00000000011a8730;  alias, 1 drivers
v0000000001141b20_0 .net "out", 31 0, L_00000000011a8370;  alias, 1 drivers
L_00000000011a8370 .arith/sum 32, v0000000001141940_0, L_00000000011a8730;
S_0000000001096fb0 .scope module, "position_mux" "Mux4" 2 78, 2 33 0, S_00000000010e3530;
 .timescale 0 0;
    .port_info 0 /INPUT 32 "a3";
    .port_info 1 /INPUT 32 "a2";
    .port_info 2 /INPUT 32 "a1";
    .port_info 3 /INPUT 32 "a0";
    .port_info 4 /INPUT 4 "s";
    .port_info 5 /OUTPUT 32 "b";
P_00000000010e9770 .param/l "k" 0 2 34, +C4<00000000000000000000000000100000>;
L_00000000011afda0 .functor AND 32, L_00000000011a9310, v0000000001141940_0, C4<11111111111111111111111111111111>, C4<11111111111111111111111111111111>;
L_00000000011aff60 .functor AND 32, L_00000000011a8410, L_00000000011a9810, C4<11111111111111111111111111111111>, C4<11111111111111111111111111111111>;
L_00000000011b0660 .functor OR 32, L_00000000011afda0, L_00000000011aff60, C4<00000000000000000000000000000000>, C4<00000000000000000000000000000000>;
L_00000000011affd0 .functor AND 32, L_00000000011a9770, L_00000000011a8370, C4<11111111111111111111111111111111>, C4<11111111111111111111111111111111>;
L_00000000011af9b0 .functor OR 32, L_00000000011b0660, L_00000000011affd0, C4<00000000000000000000000000000000>, C4<00000000000000000000000000000000>;
L_0000000001150430 .functor BUFT 1, C4<00000000000000000000000000000000>, C4<0>, C4<0>, C4<0>;
L_00000000011afe10 .functor AND 32, L_00000000011a8690, L_0000000001150430, C4<11111111111111111111111111111111>, C4<11111111111111111111111111111111>;
L_00000000011b00b0 .functor OR 32, L_00000000011af9b0, L_00000000011afe10, C4<00000000000000000000000000000000>, C4<00000000000000000000000000000000>;
v0000000001141260_0 .net *"_s1", 0 0, L_00000000011a9270;  1 drivers
v00000000011420c0_0 .net *"_s10", 31 0, L_00000000011aff60;  1 drivers
v0000000001142700_0 .net *"_s12", 31 0, L_00000000011b0660;  1 drivers
v0000000001142f20_0 .net *"_s15", 0 0, L_00000000011a9ef0;  1 drivers
v0000000001141120_0 .net *"_s16", 31 0, L_00000000011a9770;  1 drivers
v0000000001142160_0 .net *"_s18", 31 0, L_00000000011affd0;  1 drivers
v0000000001142200_0 .net *"_s2", 31 0, L_00000000011a9310;  1 drivers
v00000000011422a0_0 .net *"_s20", 31 0, L_00000000011af9b0;  1 drivers
v0000000001142a20_0 .net *"_s23", 0 0, L_00000000011a84b0;  1 drivers
v0000000001142340_0 .net *"_s24", 31 0, L_00000000011a8690;  1 drivers
v0000000001141620_0 .net *"_s26", 31 0, L_00000000011afe10;  1 drivers
v0000000001142d40_0 .net *"_s4", 31 0, L_00000000011afda0;  1 drivers
v0000000001142ac0_0 .net *"_s7", 0 0, L_00000000011a9590;  1 drivers
v0000000001142b60_0 .net *"_s8", 31 0, L_00000000011a8410;  1 drivers
v00000000011428e0_0 .net "a0", 31 0, L_0000000001150430;  1 drivers
v0000000001142c00_0 .net "a1", 31 0, L_00000000011a8370;  alias, 1 drivers
v00000000011411c0_0 .net "a2", 31 0, L_00000000011a9810;  alias, 1 drivers
v0000000001141580_0 .net "a3", 31 0, v0000000001141940_0;  alias, 1 drivers
v00000000011416c0_0 .net "b", 31 0, L_00000000011b00b0;  alias, 1 drivers
v00000000011418a0_0 .net "s", 3 0, v000000000114caf0_0;  alias, 1 drivers
L_00000000011a9270 .part v000000000114caf0_0, 3, 1;
LS_00000000011a9310_0_0 .concat [ 1 1 1 1], L_00000000011a9270, L_00000000011a9270, L_00000000011a9270, L_00000000011a9270;
LS_00000000011a9310_0_4 .concat [ 1 1 1 1], L_00000000011a9270, L_00000000011a9270, L_00000000011a9270, L_00000000011a9270;
LS_00000000011a9310_0_8 .concat [ 1 1 1 1], L_00000000011a9270, L_00000000011a9270, L_00000000011a9270, L_00000000011a9270;
LS_00000000011a9310_0_12 .concat [ 1 1 1 1], L_00000000011a9270, L_00000000011a9270, L_00000000011a9270, L_00000000011a9270;
LS_00000000011a9310_0_16 .concat [ 1 1 1 1], L_00000000011a9270, L_00000000011a9270, L_00000000011a9270, L_00000000011a9270;
LS_00000000011a9310_0_20 .concat [ 1 1 1 1], L_00000000011a9270, L_00000000011a9270, L_00000000011a9270, L_00000000011a9270;
LS_00000000011a9310_0_24 .concat [ 1 1 1 1], L_00000000011a9270, L_00000000011a9270, L_00000000011a9270, L_00000000011a9270;
LS_00000000011a9310_0_28 .concat [ 1 1 1 1], L_00000000011a9270, L_00000000011a9270, L_00000000011a9270, L_00000000011a9270;
LS_00000000011a9310_1_0 .concat [ 4 4 4 4], LS_00000000011a9310_0_0, LS_00000000011a9310_0_4, LS_00000000011a9310_0_8, LS_00000000011a9310_0_12;
LS_00000000011a9310_1_4 .concat [ 4 4 4 4], LS_00000000011a9310_0_16, LS_00000000011a9310_0_20, LS_00000000011a9310_0_24, LS_00000000011a9310_0_28;
L_00000000011a9310 .concat [ 16 16 0 0], LS_00000000011a9310_1_0, LS_00000000011a9310_1_4;
L_00000000011a9590 .part v000000000114caf0_0, 2, 1;
LS_00000000011a8410_0_0 .concat [ 1 1 1 1], L_00000000011a9590, L_00000000011a9590, L_00000000011a9590, L_00000000011a9590;
LS_00000000011a8410_0_4 .concat [ 1 1 1 1], L_00000000011a9590, L_00000000011a9590, L_00000000011a9590, L_00000000011a9590;
LS_00000000011a8410_0_8 .concat [ 1 1 1 1], L_00000000011a9590, L_00000000011a9590, L_00000000011a9590, L_00000000011a9590;
LS_00000000011a8410_0_12 .concat [ 1 1 1 1], L_00000000011a9590, L_00000000011a9590, L_00000000011a9590, L_00000000011a9590;
LS_00000000011a8410_0_16 .concat [ 1 1 1 1], L_00000000011a9590, L_00000000011a9590, L_00000000011a9590, L_00000000011a9590;
LS_00000000011a8410_0_20 .concat [ 1 1 1 1], L_00000000011a9590, L_00000000011a9590, L_00000000011a9590, L_00000000011a9590;
LS_00000000011a8410_0_24 .concat [ 1 1 1 1], L_00000000011a9590, L_00000000011a9590, L_00000000011a9590, L_00000000011a9590;
LS_00000000011a8410_0_28 .concat [ 1 1 1 1], L_00000000011a9590, L_00000000011a9590, L_00000000011a9590, L_00000000011a9590;
LS_00000000011a8410_1_0 .concat [ 4 4 4 4], LS_00000000011a8410_0_0, LS_00000000011a8410_0_4, LS_00000000011a8410_0_8, LS_00000000011a8410_0_12;
LS_00000000011a8410_1_4 .concat [ 4 4 4 4], LS_00000000011a8410_0_16, LS_00000000011a8410_0_20, LS_00000000011a8410_0_24, LS_00000000011a8410_0_28;
L_00000000011a8410 .concat [ 16 16 0 0], LS_00000000011a8410_1_0, LS_00000000011a8410_1_4;
L_00000000011a9ef0 .part v000000000114caf0_0, 1, 1;
LS_00000000011a9770_0_0 .concat [ 1 1 1 1], L_00000000011a9ef0, L_00000000011a9ef0, L_00000000011a9ef0, L_00000000011a9ef0;
LS_00000000011a9770_0_4 .concat [ 1 1 1 1], L_00000000011a9ef0, L_00000000011a9ef0, L_00000000011a9ef0, L_00000000011a9ef0;
LS_00000000011a9770_0_8 .concat [ 1 1 1 1], L_00000000011a9ef0, L_00000000011a9ef0, L_00000000011a9ef0, L_00000000011a9ef0;
LS_00000000011a9770_0_12 .concat [ 1 1 1 1], L_00000000011a9ef0, L_00000000011a9ef0, L_00000000011a9ef0, L_00000000011a9ef0;
LS_00000000011a9770_0_16 .concat [ 1 1 1 1], L_00000000011a9ef0, L_00000000011a9ef0, L_00000000011a9ef0, L_00000000011a9ef0;
LS_00000000011a9770_0_20 .concat [ 1 1 1 1], L_00000000011a9ef0, L_00000000011a9ef0, L_00000000011a9ef0, L_00000000011a9ef0;
LS_00000000011a9770_0_24 .concat [ 1 1 1 1], L_00000000011a9ef0, L_00000000011a9ef0, L_00000000011a9ef0, L_00000000011a9ef0;
LS_00000000011a9770_0_28 .concat [ 1 1 1 1], L_00000000011a9ef0, L_00000000011a9ef0, L_00000000011a9ef0, L_00000000011a9ef0;
LS_00000000011a9770_1_0 .concat [ 4 4 4 4], LS_00000000011a9770_0_0, LS_00000000011a9770_0_4, LS_00000000011a9770_0_8, LS_00000000011a9770_0_12;
LS_00000000011a9770_1_4 .concat [ 4 4 4 4], LS_00000000011a9770_0_16, LS_00000000011a9770_0_20, LS_00000000011a9770_0_24, LS_00000000011a9770_0_28;
L_00000000011a9770 .concat [ 16 16 0 0], LS_00000000011a9770_1_0, LS_00000000011a9770_1_4;
L_00000000011a84b0 .part v000000000114caf0_0, 0, 1;
LS_00000000011a8690_0_0 .concat [ 1 1 1 1], L_00000000011a84b0, L_00000000011a84b0, L_00000000011a84b0, L_00000000011a84b0;
LS_00000000011a8690_0_4 .concat [ 1 1 1 1], L_00000000011a84b0, L_00000000011a84b0, L_00000000011a84b0, L_00000000011a84b0;
LS_00000000011a8690_0_8 .concat [ 1 1 1 1], L_00000000011a84b0, L_00000000011a84b0, L_00000000011a84b0, L_00000000011a84b0;
LS_00000000011a8690_0_12 .concat [ 1 1 1 1], L_00000000011a84b0, L_00000000011a84b0, L_00000000011a84b0, L_00000000011a84b0;
LS_00000000011a8690_0_16 .concat [ 1 1 1 1], L_00000000011a84b0, L_00000000011a84b0, L_00000000011a84b0, L_00000000011a84b0;
LS_00000000011a8690_0_20 .concat [ 1 1 1 1], L_00000000011a84b0, L_00000000011a84b0, L_00000000011a84b0, L_00000000011a84b0;
LS_00000000011a8690_0_24 .concat [ 1 1 1 1], L_00000000011a84b0, L_00000000011a84b0, L_00000000011a84b0, L_00000000011a84b0;
LS_00000000011a8690_0_28 .concat [ 1 1 1 1], L_00000000011a84b0, L_00000000011a84b0, L_00000000011a84b0, L_00000000011a84b0;
LS_00000000011a8690_1_0 .concat [ 4 4 4 4], LS_00000000011a8690_0_0, LS_00000000011a8690_0_4, LS_00000000011a8690_0_8, LS_00000000011a8690_0_12;
LS_00000000011a8690_1_4 .concat [ 4 4 4 4], LS_00000000011a8690_0_16, LS_00000000011a8690_0_20, LS_00000000011a8690_0_24, LS_00000000011a8690_0_28;
L_00000000011a8690 .concat [ 16 16 0 0], LS_00000000011a8690_1_0, LS_00000000011a8690_1_4;
S_0000000001097140 .scope module, "z_pos" "Axis_Position" 2 101, 2 58 0, S_00000000010e52e0;
 .timescale 0 0;
    .port_info 0 /INPUT 1 "clk";
    .port_info 1 /INPUT 4 "pos_mode";
    .port_info 2 /INPUT 32 "jump_position";
    .port_info 3 /INPUT 32 "velocity";
P_00000000010e94f0 .param/l "k" 0 2 60, +C4<00000000000000000000000000100000>;
v0000000001144210_0 .net "adder_out", 31 0, L_00000000011a8910;  1 drivers
v0000000001143130_0 .net "clk", 0 0, v000000000114c870_0;  alias, 1 drivers
v0000000001143590_0 .net "jump_position", 31 0, L_00000000011b80d0;  1 drivers
v0000000001143630_0 .net "next_position", 31 0, L_00000000011b0510;  1 drivers
v0000000001144ad0_0 .net "pos_mode", 3 0, v000000000114caf0_0;  alias, 1 drivers
v00000000011442b0_0 .net "position", 31 0, v00000000011448f0_0;  1 drivers
v0000000001143c70_0 .net "velocity", 31 0, L_00000000011b6870;  1 drivers
S_00000000010467e0 .scope module, "Q" "DFF" 2 81, 2 16 0, S_0000000001097140;
 .timescale 0 0;
    .port_info 0 /INPUT 1 "clk";
    .port_info 1 /INPUT 32 "in";
    .port_info 2 /OUTPUT 32 "out";
P_00000000010e9c70 .param/l "k" 0 2 17, +C4<00000000000000000000000000100000>;
v00000000011440d0_0 .net "clk", 0 0, v000000000114c870_0;  alias, 1 drivers
v0000000001143d10_0 .net "in", 31 0, L_00000000011b0510;  alias, 1 drivers
v00000000011448f0_0 .var "out", 31 0;
S_0000000001046970 .scope module, "add" "Adder" 2 71, 2 47 0, S_0000000001097140;
 .timescale 0 0;
    .port_info 0 /INPUT 32 "a";
    .port_info 1 /INPUT 32 "b";
    .port_info 2 /OUTPUT 32 "out";
P_00000000010ea170 .param/l "k" 0 2 48, +C4<00000000000000000000000000100000>;
v0000000001144990_0 .net "a", 31 0, v00000000011448f0_0;  alias, 1 drivers
v0000000001143db0_0 .net "b", 31 0, L_00000000011b6870;  alias, 1 drivers
v0000000001143950_0 .net "out", 31 0, L_00000000011a8910;  alias, 1 drivers
L_00000000011a8910 .arith/sum 32, v00000000011448f0_0, L_00000000011b6870;
S_00000000010a1ea0 .scope module, "position_mux" "Mux4" 2 78, 2 33 0, S_0000000001097140;
 .timescale 0 0;
    .port_info 0 /INPUT 32 "a3";
    .port_info 1 /INPUT 32 "a2";
    .port_info 2 /INPUT 32 "a1";
    .port_info 3 /INPUT 32 "a0";
    .port_info 4 /INPUT 4 "s";
    .port_info 5 /OUTPUT 32 "b";
P_00000000010e9fb0 .param/l "k" 0 2 34, +C4<00000000000000000000000000100000>;
L_00000000011afe80 .functor AND 32, L_00000000011b82b0, v00000000011448f0_0, C4<11111111111111111111111111111111>, C4<11111111111111111111111111111111>;
L_00000000011b0200 .functor AND 32, L_00000000011b71d0, L_00000000011b80d0, C4<11111111111111111111111111111111>, C4<11111111111111111111111111111111>;
L_00000000011afa20 .functor OR 32, L_00000000011afe80, L_00000000011b0200, C4<00000000000000000000000000000000>, C4<00000000000000000000000000000000>;
L_00000000011b0040 .functor AND 32, L_00000000011b7b30, L_00000000011a8910, C4<11111111111111111111111111111111>, C4<11111111111111111111111111111111>;
L_00000000011b0120 .functor OR 32, L_00000000011afa20, L_00000000011b0040, C4<00000000000000000000000000000000>, C4<00000000000000000000000000000000>;
L_0000000001150478 .functor BUFT 1, C4<00000000000000000000000000000000>, C4<0>, C4<0>, C4<0>;
L_00000000011b0190 .functor AND 32, L_00000000011b7590, L_0000000001150478, C4<11111111111111111111111111111111>, C4<11111111111111111111111111111111>;
L_00000000011b0510 .functor OR 32, L_00000000011b0120, L_00000000011b0190, C4<00000000000000000000000000000000>, C4<00000000000000000000000000000000>;
v0000000001144a30_0 .net *"_s1", 0 0, L_00000000011b6730;  1 drivers
v0000000001143450_0 .net *"_s10", 31 0, L_00000000011b0200;  1 drivers
v00000000011431d0_0 .net *"_s12", 31 0, L_00000000011afa20;  1 drivers
v00000000011443f0_0 .net *"_s15", 0 0, L_00000000011b6eb0;  1 drivers
v0000000001143e50_0 .net *"_s16", 31 0, L_00000000011b7b30;  1 drivers
v0000000001143ef0_0 .net *"_s18", 31 0, L_00000000011b0040;  1 drivers
v00000000011433b0_0 .net *"_s2", 31 0, L_00000000011b82b0;  1 drivers
v0000000001143b30_0 .net *"_s20", 31 0, L_00000000011b0120;  1 drivers
v0000000001143f90_0 .net *"_s23", 0 0, L_00000000011b6f50;  1 drivers
v0000000001144670_0 .net *"_s24", 31 0, L_00000000011b7590;  1 drivers
v00000000011436d0_0 .net *"_s26", 31 0, L_00000000011b0190;  1 drivers
v0000000001143bd0_0 .net *"_s4", 31 0, L_00000000011afe80;  1 drivers
v00000000011447b0_0 .net *"_s7", 0 0, L_00000000011b6c30;  1 drivers
v0000000001144490_0 .net *"_s8", 31 0, L_00000000011b71d0;  1 drivers
v00000000011439f0_0 .net "a0", 31 0, L_0000000001150478;  1 drivers
v0000000001143a90_0 .net "a1", 31 0, L_00000000011a8910;  alias, 1 drivers
v0000000001144350_0 .net "a2", 31 0, L_00000000011b80d0;  alias, 1 drivers
v0000000001143090_0 .net "a3", 31 0, v00000000011448f0_0;  alias, 1 drivers
v00000000011434f0_0 .net "b", 31 0, L_00000000011b0510;  alias, 1 drivers
v0000000001144170_0 .net "s", 3 0, v000000000114caf0_0;  alias, 1 drivers
L_00000000011b6730 .part v000000000114caf0_0, 3, 1;
LS_00000000011b82b0_0_0 .concat [ 1 1 1 1], L_00000000011b6730, L_00000000011b6730, L_00000000011b6730, L_00000000011b6730;
LS_00000000011b82b0_0_4 .concat [ 1 1 1 1], L_00000000011b6730, L_00000000011b6730, L_00000000011b6730, L_00000000011b6730;
LS_00000000011b82b0_0_8 .concat [ 1 1 1 1], L_00000000011b6730, L_00000000011b6730, L_00000000011b6730, L_00000000011b6730;
LS_00000000011b82b0_0_12 .concat [ 1 1 1 1], L_00000000011b6730, L_00000000011b6730, L_00000000011b6730, L_00000000011b6730;
LS_00000000011b82b0_0_16 .concat [ 1 1 1 1], L_00000000011b6730, L_00000000011b6730, L_00000000011b6730, L_00000000011b6730;
LS_00000000011b82b0_0_20 .concat [ 1 1 1 1], L_00000000011b6730, L_00000000011b6730, L_00000000011b6730, L_00000000011b6730;
LS_00000000011b82b0_0_24 .concat [ 1 1 1 1], L_00000000011b6730, L_00000000011b6730, L_00000000011b6730, L_00000000011b6730;
LS_00000000011b82b0_0_28 .concat [ 1 1 1 1], L_00000000011b6730, L_00000000011b6730, L_00000000011b6730, L_00000000011b6730;
LS_00000000011b82b0_1_0 .concat [ 4 4 4 4], LS_00000000011b82b0_0_0, LS_00000000011b82b0_0_4, LS_00000000011b82b0_0_8, LS_00000000011b82b0_0_12;
LS_00000000011b82b0_1_4 .concat [ 4 4 4 4], LS_00000000011b82b0_0_16, LS_00000000011b82b0_0_20, LS_00000000011b82b0_0_24, LS_00000000011b82b0_0_28;
L_00000000011b82b0 .concat [ 16 16 0 0], LS_00000000011b82b0_1_0, LS_00000000011b82b0_1_4;
L_00000000011b6c30 .part v000000000114caf0_0, 2, 1;
LS_00000000011b71d0_0_0 .concat [ 1 1 1 1], L_00000000011b6c30, L_00000000011b6c30, L_00000000011b6c30, L_00000000011b6c30;
LS_00000000011b71d0_0_4 .concat [ 1 1 1 1], L_00000000011b6c30, L_00000000011b6c30, L_00000000011b6c30, L_00000000011b6c30;
LS_00000000011b71d0_0_8 .concat [ 1 1 1 1], L_00000000011b6c30, L_00000000011b6c30, L_00000000011b6c30, L_00000000011b6c30;
LS_00000000011b71d0_0_12 .concat [ 1 1 1 1], L_00000000011b6c30, L_00000000011b6c30, L_00000000011b6c30, L_00000000011b6c30;
LS_00000000011b71d0_0_16 .concat [ 1 1 1 1], L_00000000011b6c30, L_00000000011b6c30, L_00000000011b6c30, L_00000000011b6c30;
LS_00000000011b71d0_0_20 .concat [ 1 1 1 1], L_00000000011b6c30, L_00000000011b6c30, L_00000000011b6c30, L_00000000011b6c30;
LS_00000000011b71d0_0_24 .concat [ 1 1 1 1], L_00000000011b6c30, L_00000000011b6c30, L_00000000011b6c30, L_00000000011b6c30;
LS_00000000011b71d0_0_28 .concat [ 1 1 1 1], L_00000000011b6c30, L_00000000011b6c30, L_00000000011b6c30, L_00000000011b6c30;
LS_00000000011b71d0_1_0 .concat [ 4 4 4 4], LS_00000000011b71d0_0_0, LS_00000000011b71d0_0_4, LS_00000000011b71d0_0_8, LS_00000000011b71d0_0_12;
LS_00000000011b71d0_1_4 .concat [ 4 4 4 4], LS_00000000011b71d0_0_16, LS_00000000011b71d0_0_20, LS_00000000011b71d0_0_24, LS_00000000011b71d0_0_28;
L_00000000011b71d0 .concat [ 16 16 0 0], LS_00000000011b71d0_1_0, LS_00000000011b71d0_1_4;
L_00000000011b6eb0 .part v000000000114caf0_0, 1, 1;
LS_00000000011b7b30_0_0 .concat [ 1 1 1 1], L_00000000011b6eb0, L_00000000011b6eb0, L_00000000011b6eb0, L_00000000011b6eb0;
LS_00000000011b7b30_0_4 .concat [ 1 1 1 1], L_00000000011b6eb0, L_00000000011b6eb0, L_00000000011b6eb0, L_00000000011b6eb0;
LS_00000000011b7b30_0_8 .concat [ 1 1 1 1], L_00000000011b6eb0, L_00000000011b6eb0, L_00000000011b6eb0, L_00000000011b6eb0;
LS_00000000011b7b30_0_12 .concat [ 1 1 1 1], L_00000000011b6eb0, L_00000000011b6eb0, L_00000000011b6eb0, L_00000000011b6eb0;
LS_00000000011b7b30_0_16 .concat [ 1 1 1 1], L_00000000011b6eb0, L_00000000011b6eb0, L_00000000011b6eb0, L_00000000011b6eb0;
LS_00000000011b7b30_0_20 .concat [ 1 1 1 1], L_00000000011b6eb0, L_00000000011b6eb0, L_00000000011b6eb0, L_00000000011b6eb0;
LS_00000000011b7b30_0_24 .concat [ 1 1 1 1], L_00000000011b6eb0, L_00000000011b6eb0, L_00000000011b6eb0, L_00000000011b6eb0;
LS_00000000011b7b30_0_28 .concat [ 1 1 1 1], L_00000000011b6eb0, L_00000000011b6eb0, L_00000000011b6eb0, L_00000000011b6eb0;
LS_00000000011b7b30_1_0 .concat [ 4 4 4 4], LS_00000000011b7b30_0_0, LS_00000000011b7b30_0_4, LS_00000000011b7b30_0_8, LS_00000000011b7b30_0_12;
LS_00000000011b7b30_1_4 .concat [ 4 4 4 4], LS_00000000011b7b30_0_16, LS_00000000011b7b30_0_20, LS_00000000011b7b30_0_24, LS_00000000011b7b30_0_28;
L_00000000011b7b30 .concat [ 16 16 0 0], LS_00000000011b7b30_1_0, LS_00000000011b7b30_1_4;
L_00000000011b6f50 .part v000000000114caf0_0, 0, 1;
LS_00000000011b7590_0_0 .concat [ 1 1 1 1], L_00000000011b6f50, L_00000000011b6f50, L_00000000011b6f50, L_00000000011b6f50;
LS_00000000011b7590_0_4 .concat [ 1 1 1 1], L_00000000011b6f50, L_00000000011b6f50, L_00000000011b6f50, L_00000000011b6f50;
LS_00000000011b7590_0_8 .concat [ 1 1 1 1], L_00000000011b6f50, L_00000000011b6f50, L_00000000011b6f50, L_00000000011b6f50;
LS_00000000011b7590_0_12 .concat [ 1 1 1 1], L_00000000011b6f50, L_00000000011b6f50, L_00000000011b6f50, L_00000000011b6f50;
LS_00000000011b7590_0_16 .concat [ 1 1 1 1], L_00000000011b6f50, L_00000000011b6f50, L_00000000011b6f50, L_00000000011b6f50;
LS_00000000011b7590_0_20 .concat [ 1 1 1 1], L_00000000011b6f50, L_00000000011b6f50, L_00000000011b6f50, L_00000000011b6f50;
LS_00000000011b7590_0_24 .concat [ 1 1 1 1], L_00000000011b6f50, L_00000000011b6f50, L_00000000011b6f50, L_00000000011b6f50;
LS_00000000011b7590_0_28 .concat [ 1 1 1 1], L_00000000011b6f50, L_00000000011b6f50, L_00000000011b6f50, L_00000000011b6f50;
LS_00000000011b7590_1_0 .concat [ 4 4 4 4], LS_00000000011b7590_0_0, LS_00000000011b7590_0_4, LS_00000000011b7590_0_8, LS_00000000011b7590_0_12;
LS_00000000011b7590_1_4 .concat [ 4 4 4 4], LS_00000000011b7590_0_16, LS_00000000011b7590_0_20, LS_00000000011b7590_0_24, LS_00000000011b7590_0_28;
L_00000000011b7590 .concat [ 16 16 0 0], LS_00000000011b7590_1_0, LS_00000000011b7590_1_4;
S_00000000010a2030 .scope module, "velocity" "Velocity" 2 168, 2 138 0, S_00000000010e4b80;
 .timescale 0 0;
    .port_info 0 /INPUT 4 "mode";
    .port_info 1 /INPUT 96 "speed";
P_00000000010e94b0 .param/l "k" 0 2 139, +C4<00000000000000000000000000100000>;
v000000000114d8b0_0 .net "mode", 3 0, v000000000114ca50_0;  alias, 1 drivers
v000000000114cf50_0 .net "speed", 95 0, v000000000114cb90_0;  1 drivers
v000000000114c730_0 .var "x", 31 0;
v000000000114c5f0_0 .var "y", 31 0;
v000000000114c7d0_0 .var "z", 31 0;
E_00000000010e9330 .event edge, v00000000011479b0_0, v0000000001147f50_0, v000000000114ce10_0;
L_00000000011a8e10 .part v000000000114cb90_0, 0, 32;
L_00000000011a9bd0 .part v000000000114cb90_0, 32, 32;
L_00000000011a8cd0 .part v000000000114cb90_0, 64, 32;
S_00000000010a5ae0 .scope module, "x_vel" "Axis_Velocity" 2 146, 2 110 0, S_00000000010a2030;
 .timescale 0 0;
    .port_info 0 /INPUT 4 "mode";
    .port_info 1 /INPUT 32 "speed";
P_00000000010e9370 .param/l "k" 0 2 111, +C4<00000000000000000000000000100000>;
L_0000000001150088 .functor BUFT 1, C4<00000000000000000000000000000011>, C4<0>, C4<0>, C4<0>;
v0000000001147af0_0 .net/2u *"_s0", 31 0, L_0000000001150088;  1 drivers
L_00000000011500d0 .functor BUFT 1, C4<00000000000000000000000000000010>, C4<0>, C4<0>, C4<0>;
v0000000001147410_0 .net/2u *"_s4", 31 0, L_00000000011500d0;  1 drivers
L_0000000001150118 .functor BUFT 1, C4<00000000000000000000000000000001>, C4<0>, C4<0>, C4<0>;
v0000000001146650_0 .net/2u *"_s8", 31 0, L_0000000001150118;  1 drivers
v00000000011477d0_0 .net "attack_speed", 31 0, L_000000000114d3b0;  1 drivers
v0000000001147b90_0 .net "defense_speed", 31 0, L_000000000114d310;  1 drivers
v0000000001146ab0_0 .net "mode", 3 0, v000000000114ca50_0;  alias, 1 drivers
v0000000001147cd0_0 .net "speed", 31 0, L_00000000011a8e10;  1 drivers
v0000000001146e70_0 .net "stealth_speed", 31 0, L_000000000114cc30;  1 drivers
v00000000011461f0_0 .net "velocity", 31 0, L_00000000010dbdf0;  1 drivers
L_000000000114cc30 .arith/div 32, L_00000000011a8e10, L_0000000001150088;
L_000000000114d310 .arith/div 32, L_00000000011a8e10, L_00000000011500d0;
L_000000000114d3b0 .arith/div 32, L_00000000011a8e10, L_0000000001150118;
S_00000000010a5c70 .scope module, "velocity_mux" "Mux4" 2 134, 2 33 0, S_00000000010a5ae0;
 .timescale 0 0;
    .port_info 0 /INPUT 32 "a3";
    .port_info 1 /INPUT 32 "a2";
    .port_info 2 /INPUT 32 "a1";
    .port_info 3 /INPUT 32 "a0";
    .port_info 4 /INPUT 4 "s";
    .port_info 5 /OUTPUT 32 "b";
P_00000000010ea1b0 .param/l "k" 0 2 34, +C4<00000000000000000000000000100000>;
L_00000000010db8b0 .functor AND 32, L_000000000114d450, L_000000000114cc30, C4<11111111111111111111111111111111>, C4<11111111111111111111111111111111>;
L_00000000010dc720 .functor AND 32, L_000000000114dd10, L_000000000114d310, C4<11111111111111111111111111111111>, C4<11111111111111111111111111111111>;
L_00000000010dc100 .functor OR 32, L_00000000010db8b0, L_00000000010dc720, C4<00000000000000000000000000000000>, C4<00000000000000000000000000000000>;
L_00000000010dbe60 .functor AND 32, L_000000000114dc70, L_000000000114d3b0, C4<11111111111111111111111111111111>, C4<11111111111111111111111111111111>;
L_00000000010dc790 .functor OR 32, L_00000000010dc100, L_00000000010dbe60, C4<00000000000000000000000000000000>, C4<00000000000000000000000000000000>;
L_0000000001150160 .functor BUFT 1, C4<00000000000000000000000000000000>, C4<0>, C4<0>, C4<0>;
L_00000000010db990 .functor AND 32, L_00000000011a93b0, L_0000000001150160, C4<11111111111111111111111111111111>, C4<11111111111111111111111111111111>;
L_00000000010dbdf0 .functor OR 32, L_00000000010dc790, L_00000000010db990, C4<00000000000000000000000000000000>, C4<00000000000000000000000000000000>;
v0000000001144cb0_0 .net *"_s1", 0 0, L_000000000114d950;  1 drivers
v0000000001144d50_0 .net *"_s10", 31 0, L_00000000010dc720;  1 drivers
v0000000001143810_0 .net *"_s12", 31 0, L_00000000010dc100;  1 drivers
v0000000001144df0_0 .net *"_s15", 0 0, L_000000000114db30;  1 drivers
v0000000001144e90_0 .net *"_s16", 31 0, L_000000000114dc70;  1 drivers
v0000000001144f30_0 .net *"_s18", 31 0, L_00000000010dbe60;  1 drivers
v0000000001147370_0 .net *"_s2", 31 0, L_000000000114d450;  1 drivers
v00000000011470f0_0 .net *"_s20", 31 0, L_00000000010dc790;  1 drivers
v0000000001146790_0 .net *"_s23", 0 0, L_00000000011a9a90;  1 drivers
v00000000011466f0_0 .net *"_s24", 31 0, L_00000000011a93b0;  1 drivers
v00000000011463d0_0 .net *"_s26", 31 0, L_00000000010db990;  1 drivers
v0000000001146c90_0 .net *"_s4", 31 0, L_00000000010db8b0;  1 drivers
v0000000001147910_0 .net *"_s7", 0 0, L_000000000114da90;  1 drivers
v0000000001146d30_0 .net *"_s8", 31 0, L_000000000114dd10;  1 drivers
v0000000001146a10_0 .net "a0", 31 0, L_0000000001150160;  1 drivers
v0000000001147550_0 .net "a1", 31 0, L_000000000114d3b0;  alias, 1 drivers
v0000000001146dd0_0 .net "a2", 31 0, L_000000000114d310;  alias, 1 drivers
v0000000001147c30_0 .net "a3", 31 0, L_000000000114cc30;  alias, 1 drivers
v00000000011479b0_0 .net "b", 31 0, L_00000000010dbdf0;  alias, 1 drivers
v0000000001147a50_0 .net "s", 3 0, v000000000114ca50_0;  alias, 1 drivers
L_000000000114d950 .part v000000000114ca50_0, 3, 1;
LS_000000000114d450_0_0 .concat [ 1 1 1 1], L_000000000114d950, L_000000000114d950, L_000000000114d950, L_000000000114d950;
LS_000000000114d450_0_4 .concat [ 1 1 1 1], L_000000000114d950, L_000000000114d950, L_000000000114d950, L_000000000114d950;
LS_000000000114d450_0_8 .concat [ 1 1 1 1], L_000000000114d950, L_000000000114d950, L_000000000114d950, L_000000000114d950;
LS_000000000114d450_0_12 .concat [ 1 1 1 1], L_000000000114d950, L_000000000114d950, L_000000000114d950, L_000000000114d950;
LS_000000000114d450_0_16 .concat [ 1 1 1 1], L_000000000114d950, L_000000000114d950, L_000000000114d950, L_000000000114d950;
LS_000000000114d450_0_20 .concat [ 1 1 1 1], L_000000000114d950, L_000000000114d950, L_000000000114d950, L_000000000114d950;
LS_000000000114d450_0_24 .concat [ 1 1 1 1], L_000000000114d950, L_000000000114d950, L_000000000114d950, L_000000000114d950;
LS_000000000114d450_0_28 .concat [ 1 1 1 1], L_000000000114d950, L_000000000114d950, L_000000000114d950, L_000000000114d950;
LS_000000000114d450_1_0 .concat [ 4 4 4 4], LS_000000000114d450_0_0, LS_000000000114d450_0_4, LS_000000000114d450_0_8, LS_000000000114d450_0_12;
LS_000000000114d450_1_4 .concat [ 4 4 4 4], LS_000000000114d450_0_16, LS_000000000114d450_0_20, LS_000000000114d450_0_24, LS_000000000114d450_0_28;
L_000000000114d450 .concat [ 16 16 0 0], LS_000000000114d450_1_0, LS_000000000114d450_1_4;
L_000000000114da90 .part v000000000114ca50_0, 2, 1;
LS_000000000114dd10_0_0 .concat [ 1 1 1 1], L_000000000114da90, L_000000000114da90, L_000000000114da90, L_000000000114da90;
LS_000000000114dd10_0_4 .concat [ 1 1 1 1], L_000000000114da90, L_000000000114da90, L_000000000114da90, L_000000000114da90;
LS_000000000114dd10_0_8 .concat [ 1 1 1 1], L_000000000114da90, L_000000000114da90, L_000000000114da90, L_000000000114da90;
LS_000000000114dd10_0_12 .concat [ 1 1 1 1], L_000000000114da90, L_000000000114da90, L_000000000114da90, L_000000000114da90;
LS_000000000114dd10_0_16 .concat [ 1 1 1 1], L_000000000114da90, L_000000000114da90, L_000000000114da90, L_000000000114da90;
LS_000000000114dd10_0_20 .concat [ 1 1 1 1], L_000000000114da90, L_000000000114da90, L_000000000114da90, L_000000000114da90;
LS_000000000114dd10_0_24 .concat [ 1 1 1 1], L_000000000114da90, L_000000000114da90, L_000000000114da90, L_000000000114da90;
LS_000000000114dd10_0_28 .concat [ 1 1 1 1], L_000000000114da90, L_000000000114da90, L_000000000114da90, L_000000000114da90;
LS_000000000114dd10_1_0 .concat [ 4 4 4 4], LS_000000000114dd10_0_0, LS_000000000114dd10_0_4, LS_000000000114dd10_0_8, LS_000000000114dd10_0_12;
LS_000000000114dd10_1_4 .concat [ 4 4 4 4], LS_000000000114dd10_0_16, LS_000000000114dd10_0_20, LS_000000000114dd10_0_24, LS_000000000114dd10_0_28;
L_000000000114dd10 .concat [ 16 16 0 0], LS_000000000114dd10_1_0, LS_000000000114dd10_1_4;
L_000000000114db30 .part v000000000114ca50_0, 1, 1;
LS_000000000114dc70_0_0 .concat [ 1 1 1 1], L_000000000114db30, L_000000000114db30, L_000000000114db30, L_000000000114db30;
LS_000000000114dc70_0_4 .concat [ 1 1 1 1], L_000000000114db30, L_000000000114db30, L_000000000114db30, L_000000000114db30;
LS_000000000114dc70_0_8 .concat [ 1 1 1 1], L_000000000114db30, L_000000000114db30, L_000000000114db30, L_000000000114db30;
LS_000000000114dc70_0_12 .concat [ 1 1 1 1], L_000000000114db30, L_000000000114db30, L_000000000114db30, L_000000000114db30;
LS_000000000114dc70_0_16 .concat [ 1 1 1 1], L_000000000114db30, L_000000000114db30, L_000000000114db30, L_000000000114db30;
LS_000000000114dc70_0_20 .concat [ 1 1 1 1], L_000000000114db30, L_000000000114db30, L_000000000114db30, L_000000000114db30;
LS_000000000114dc70_0_24 .concat [ 1 1 1 1], L_000000000114db30, L_000000000114db30, L_000000000114db30, L_000000000114db30;
LS_000000000114dc70_0_28 .concat [ 1 1 1 1], L_000000000114db30, L_000000000114db30, L_000000000114db30, L_000000000114db30;
LS_000000000114dc70_1_0 .concat [ 4 4 4 4], LS_000000000114dc70_0_0, LS_000000000114dc70_0_4, LS_000000000114dc70_0_8, LS_000000000114dc70_0_12;
LS_000000000114dc70_1_4 .concat [ 4 4 4 4], LS_000000000114dc70_0_16, LS_000000000114dc70_0_20, LS_000000000114dc70_0_24, LS_000000000114dc70_0_28;
L_000000000114dc70 .concat [ 16 16 0 0], LS_000000000114dc70_1_0, LS_000000000114dc70_1_4;
L_00000000011a9a90 .part v000000000114ca50_0, 0, 1;
LS_00000000011a93b0_0_0 .concat [ 1 1 1 1], L_00000000011a9a90, L_00000000011a9a90, L_00000000011a9a90, L_00000000011a9a90;
LS_00000000011a93b0_0_4 .concat [ 1 1 1 1], L_00000000011a9a90, L_00000000011a9a90, L_00000000011a9a90, L_00000000011a9a90;
LS_00000000011a93b0_0_8 .concat [ 1 1 1 1], L_00000000011a9a90, L_00000000011a9a90, L_00000000011a9a90, L_00000000011a9a90;
LS_00000000011a93b0_0_12 .concat [ 1 1 1 1], L_00000000011a9a90, L_00000000011a9a90, L_00000000011a9a90, L_00000000011a9a90;
LS_00000000011a93b0_0_16 .concat [ 1 1 1 1], L_00000000011a9a90, L_00000000011a9a90, L_00000000011a9a90, L_00000000011a9a90;
LS_00000000011a93b0_0_20 .concat [ 1 1 1 1], L_00000000011a9a90, L_00000000011a9a90, L_00000000011a9a90, L_00000000011a9a90;
LS_00000000011a93b0_0_24 .concat [ 1 1 1 1], L_00000000011a9a90, L_00000000011a9a90, L_00000000011a9a90, L_00000000011a9a90;
LS_00000000011a93b0_0_28 .concat [ 1 1 1 1], L_00000000011a9a90, L_00000000011a9a90, L_00000000011a9a90, L_00000000011a9a90;
LS_00000000011a93b0_1_0 .concat [ 4 4 4 4], LS_00000000011a93b0_0_0, LS_00000000011a93b0_0_4, LS_00000000011a93b0_0_8, LS_00000000011a93b0_0_12;
LS_00000000011a93b0_1_4 .concat [ 4 4 4 4], LS_00000000011a93b0_0_16, LS_00000000011a93b0_0_20, LS_00000000011a93b0_0_24, LS_00000000011a93b0_0_28;
L_00000000011a93b0 .concat [ 16 16 0 0], LS_00000000011a93b0_1_0, LS_00000000011a93b0_1_4;
S_00000000011480c0 .scope module, "y_vel" "Axis_Velocity" 2 147, 2 110 0, S_00000000010a2030;
 .timescale 0 0;
    .port_info 0 /INPUT 4 "mode";
    .port_info 1 /INPUT 32 "speed";
P_00000000010e9530 .param/l "k" 0 2 111, +C4<00000000000000000000000000100000>;
L_00000000011501a8 .functor BUFT 1, C4<00000000000000000000000000000011>, C4<0>, C4<0>, C4<0>;
v0000000001147230_0 .net/2u *"_s0", 31 0, L_00000000011501a8;  1 drivers
L_00000000011501f0 .functor BUFT 1, C4<00000000000000000000000000000010>, C4<0>, C4<0>, C4<0>;
v00000000011472d0_0 .net/2u *"_s4", 31 0, L_00000000011501f0;  1 drivers
L_0000000001150238 .functor BUFT 1, C4<00000000000000000000000000000001>, C4<0>, C4<0>, C4<0>;
v0000000001146290_0 .net/2u *"_s8", 31 0, L_0000000001150238;  1 drivers
v0000000001147690_0 .net "attack_speed", 31 0, L_00000000011a8d70;  1 drivers
v0000000001146470_0 .net "defense_speed", 31 0, L_00000000011a99f0;  1 drivers
v0000000001146330_0 .net "mode", 3 0, v000000000114ca50_0;  alias, 1 drivers
v0000000001147870_0 .net "speed", 31 0, L_00000000011a9bd0;  1 drivers
v000000000114d810_0 .net "stealth_speed", 31 0, L_00000000011a9630;  1 drivers
v000000000114df90_0 .net "velocity", 31 0, L_00000000010dc410;  1 drivers
L_00000000011a9630 .arith/div 32, L_00000000011a9bd0, L_00000000011501a8;
L_00000000011a99f0 .arith/div 32, L_00000000011a9bd0, L_00000000011501f0;
L_00000000011a8d70 .arith/div 32, L_00000000011a9bd0, L_0000000001150238;
S_0000000001148d40 .scope module, "velocity_mux" "Mux4" 2 134, 2 33 0, S_00000000011480c0;
 .timescale 0 0;
    .port_info 0 /INPUT 32 "a3";
    .port_info 1 /INPUT 32 "a2";
    .port_info 2 /INPUT 32 "a1";
    .port_info 3 /INPUT 32 "a0";
    .port_info 4 /INPUT 4 "s";
    .port_info 5 /OUTPUT 32 "b";
P_00000000010ea230 .param/l "k" 0 2 34, +C4<00000000000000000000000000100000>;
L_00000000010dbc30 .functor AND 32, L_00000000011a87d0, L_00000000011a9630, C4<11111111111111111111111111111111>, C4<11111111111111111111111111111111>;
L_00000000010dc330 .functor AND 32, L_00000000011a9f90, L_00000000011a99f0, C4<11111111111111111111111111111111>, C4<11111111111111111111111111111111>;
L_00000000010dba00 .functor OR 32, L_00000000010dbc30, L_00000000010dc330, C4<00000000000000000000000000000000>, C4<00000000000000000000000000000000>;
L_00000000010dbb50 .functor AND 32, L_00000000011a89b0, L_00000000011a8d70, C4<11111111111111111111111111111111>, C4<11111111111111111111111111111111>;
L_00000000010dbd80 .functor OR 32, L_00000000010dba00, L_00000000010dbb50, C4<00000000000000000000000000000000>, C4<00000000000000000000000000000000>;
L_0000000001150280 .functor BUFT 1, C4<00000000000000000000000000000000>, C4<0>, C4<0>, C4<0>;
L_00000000010dc3a0 .functor AND 32, L_00000000011a8ff0, L_0000000001150280, C4<11111111111111111111111111111111>, C4<11111111111111111111111111111111>;
L_00000000010dc410 .functor OR 32, L_00000000010dbd80, L_00000000010dc3a0, C4<00000000000000000000000000000000>, C4<00000000000000000000000000000000>;
v00000000011474b0_0 .net *"_s1", 0 0, L_00000000011a80f0;  1 drivers
v0000000001146b50_0 .net *"_s10", 31 0, L_00000000010dc330;  1 drivers
v0000000001146510_0 .net *"_s12", 31 0, L_00000000010dba00;  1 drivers
v0000000001146f10_0 .net *"_s15", 0 0, L_00000000011a8a50;  1 drivers
v0000000001146fb0_0 .net *"_s16", 31 0, L_00000000011a89b0;  1 drivers
v00000000011475f0_0 .net *"_s18", 31 0, L_00000000010dbb50;  1 drivers
v0000000001147eb0_0 .net *"_s2", 31 0, L_00000000011a87d0;  1 drivers
v0000000001147730_0 .net *"_s20", 31 0, L_00000000010dbd80;  1 drivers
v0000000001146830_0 .net *"_s23", 0 0, L_00000000011a8f50;  1 drivers
v0000000001146bf0_0 .net *"_s24", 31 0, L_00000000011a8ff0;  1 drivers
v0000000001147d70_0 .net *"_s26", 31 0, L_00000000010dc3a0;  1 drivers
v00000000011460b0_0 .net *"_s4", 31 0, L_00000000010dbc30;  1 drivers
v0000000001146150_0 .net *"_s7", 0 0, L_00000000011a8c30;  1 drivers
v00000000011468d0_0 .net *"_s8", 31 0, L_00000000011a9f90;  1 drivers
v00000000011465b0_0 .net "a0", 31 0, L_0000000001150280;  1 drivers
v0000000001147e10_0 .net "a1", 31 0, L_00000000011a8d70;  alias, 1 drivers
v0000000001147050_0 .net "a2", 31 0, L_00000000011a99f0;  alias, 1 drivers
v0000000001146970_0 .net "a3", 31 0, L_00000000011a9630;  alias, 1 drivers
v0000000001147f50_0 .net "b", 31 0, L_00000000010dc410;  alias, 1 drivers
v0000000001147190_0 .net "s", 3 0, v000000000114ca50_0;  alias, 1 drivers
L_00000000011a80f0 .part v000000000114ca50_0, 3, 1;
LS_00000000011a87d0_0_0 .concat [ 1 1 1 1], L_00000000011a80f0, L_00000000011a80f0, L_00000000011a80f0, L_00000000011a80f0;
LS_00000000011a87d0_0_4 .concat [ 1 1 1 1], L_00000000011a80f0, L_00000000011a80f0, L_00000000011a80f0, L_00000000011a80f0;
LS_00000000011a87d0_0_8 .concat [ 1 1 1 1], L_00000000011a80f0, L_00000000011a80f0, L_00000000011a80f0, L_00000000011a80f0;
LS_00000000011a87d0_0_12 .concat [ 1 1 1 1], L_00000000011a80f0, L_00000000011a80f0, L_00000000011a80f0, L_00000000011a80f0;
LS_00000000011a87d0_0_16 .concat [ 1 1 1 1], L_00000000011a80f0, L_00000000011a80f0, L_00000000011a80f0, L_00000000011a80f0;
LS_00000000011a87d0_0_20 .concat [ 1 1 1 1], L_00000000011a80f0, L_00000000011a80f0, L_00000000011a80f0, L_00000000011a80f0;
LS_00000000011a87d0_0_24 .concat [ 1 1 1 1], L_00000000011a80f0, L_00000000011a80f0, L_00000000011a80f0, L_00000000011a80f0;
LS_00000000011a87d0_0_28 .concat [ 1 1 1 1], L_00000000011a80f0, L_00000000011a80f0, L_00000000011a80f0, L_00000000011a80f0;
LS_00000000011a87d0_1_0 .concat [ 4 4 4 4], LS_00000000011a87d0_0_0, LS_00000000011a87d0_0_4, LS_00000000011a87d0_0_8, LS_00000000011a87d0_0_12;
LS_00000000011a87d0_1_4 .concat [ 4 4 4 4], LS_00000000011a87d0_0_16, LS_00000000011a87d0_0_20, LS_00000000011a87d0_0_24, LS_00000000011a87d0_0_28;
L_00000000011a87d0 .concat [ 16 16 0 0], LS_00000000011a87d0_1_0, LS_00000000011a87d0_1_4;
L_00000000011a8c30 .part v000000000114ca50_0, 2, 1;
LS_00000000011a9f90_0_0 .concat [ 1 1 1 1], L_00000000011a8c30, L_00000000011a8c30, L_00000000011a8c30, L_00000000011a8c30;
LS_00000000011a9f90_0_4 .concat [ 1 1 1 1], L_00000000011a8c30, L_00000000011a8c30, L_00000000011a8c30, L_00000000011a8c30;
LS_00000000011a9f90_0_8 .concat [ 1 1 1 1], L_00000000011a8c30, L_00000000011a8c30, L_00000000011a8c30, L_00000000011a8c30;
LS_00000000011a9f90_0_12 .concat [ 1 1 1 1], L_00000000011a8c30, L_00000000011a8c30, L_00000000011a8c30, L_00000000011a8c30;
LS_00000000011a9f90_0_16 .concat [ 1 1 1 1], L_00000000011a8c30, L_00000000011a8c30, L_00000000011a8c30, L_00000000011a8c30;
LS_00000000011a9f90_0_20 .concat [ 1 1 1 1], L_00000000011a8c30, L_00000000011a8c30, L_00000000011a8c30, L_00000000011a8c30;
LS_00000000011a9f90_0_24 .concat [ 1 1 1 1], L_00000000011a8c30, L_00000000011a8c30, L_00000000011a8c30, L_00000000011a8c30;
LS_00000000011a9f90_0_28 .concat [ 1 1 1 1], L_00000000011a8c30, L_00000000011a8c30, L_00000000011a8c30, L_00000000011a8c30;
LS_00000000011a9f90_1_0 .concat [ 4 4 4 4], LS_00000000011a9f90_0_0, LS_00000000011a9f90_0_4, LS_00000000011a9f90_0_8, LS_00000000011a9f90_0_12;
LS_00000000011a9f90_1_4 .concat [ 4 4 4 4], LS_00000000011a9f90_0_16, LS_00000000011a9f90_0_20, LS_00000000011a9f90_0_24, LS_00000000011a9f90_0_28;
L_00000000011a9f90 .concat [ 16 16 0 0], LS_00000000011a9f90_1_0, LS_00000000011a9f90_1_4;
L_00000000011a8a50 .part v000000000114ca50_0, 1, 1;
LS_00000000011a89b0_0_0 .concat [ 1 1 1 1], L_00000000011a8a50, L_00000000011a8a50, L_00000000011a8a50, L_00000000011a8a50;
LS_00000000011a89b0_0_4 .concat [ 1 1 1 1], L_00000000011a8a50, L_00000000011a8a50, L_00000000011a8a50, L_00000000011a8a50;
LS_00000000011a89b0_0_8 .concat [ 1 1 1 1], L_00000000011a8a50, L_00000000011a8a50, L_00000000011a8a50, L_00000000011a8a50;
LS_00000000011a89b0_0_12 .concat [ 1 1 1 1], L_00000000011a8a50, L_00000000011a8a50, L_00000000011a8a50, L_00000000011a8a50;
LS_00000000011a89b0_0_16 .concat [ 1 1 1 1], L_00000000011a8a50, L_00000000011a8a50, L_00000000011a8a50, L_00000000011a8a50;
LS_00000000011a89b0_0_20 .concat [ 1 1 1 1], L_00000000011a8a50, L_00000000011a8a50, L_00000000011a8a50, L_00000000011a8a50;
LS_00000000011a89b0_0_24 .concat [ 1 1 1 1], L_00000000011a8a50, L_00000000011a8a50, L_00000000011a8a50, L_00000000011a8a50;
LS_00000000011a89b0_0_28 .concat [ 1 1 1 1], L_00000000011a8a50, L_00000000011a8a50, L_00000000011a8a50, L_00000000011a8a50;
LS_00000000011a89b0_1_0 .concat [ 4 4 4 4], LS_00000000011a89b0_0_0, LS_00000000011a89b0_0_4, LS_00000000011a89b0_0_8, LS_00000000011a89b0_0_12;
LS_00000000011a89b0_1_4 .concat [ 4 4 4 4], LS_00000000011a89b0_0_16, LS_00000000011a89b0_0_20, LS_00000000011a89b0_0_24, LS_00000000011a89b0_0_28;
L_00000000011a89b0 .concat [ 16 16 0 0], LS_00000000011a89b0_1_0, LS_00000000011a89b0_1_4;
L_00000000011a8f50 .part v000000000114ca50_0, 0, 1;
LS_00000000011a8ff0_0_0 .concat [ 1 1 1 1], L_00000000011a8f50, L_00000000011a8f50, L_00000000011a8f50, L_00000000011a8f50;
LS_00000000011a8ff0_0_4 .concat [ 1 1 1 1], L_00000000011a8f50, L_00000000011a8f50, L_00000000011a8f50, L_00000000011a8f50;
LS_00000000011a8ff0_0_8 .concat [ 1 1 1 1], L_00000000011a8f50, L_00000000011a8f50, L_00000000011a8f50, L_00000000011a8f50;
LS_00000000011a8ff0_0_12 .concat [ 1 1 1 1], L_00000000011a8f50, L_00000000011a8f50, L_00000000011a8f50, L_00000000011a8f50;
LS_00000000011a8ff0_0_16 .concat [ 1 1 1 1], L_00000000011a8f50, L_00000000011a8f50, L_00000000011a8f50, L_00000000011a8f50;
LS_00000000011a8ff0_0_20 .concat [ 1 1 1 1], L_00000000011a8f50, L_00000000011a8f50, L_00000000011a8f50, L_00000000011a8f50;
LS_00000000011a8ff0_0_24 .concat [ 1 1 1 1], L_00000000011a8f50, L_00000000011a8f50, L_00000000011a8f50, L_00000000011a8f50;
LS_00000000011a8ff0_0_28 .concat [ 1 1 1 1], L_00000000011a8f50, L_00000000011a8f50, L_00000000011a8f50, L_00000000011a8f50;
LS_00000000011a8ff0_1_0 .concat [ 4 4 4 4], LS_00000000011a8ff0_0_0, LS_00000000011a8ff0_0_4, LS_00000000011a8ff0_0_8, LS_00000000011a8ff0_0_12;
LS_00000000011a8ff0_1_4 .concat [ 4 4 4 4], LS_00000000011a8ff0_0_16, LS_00000000011a8ff0_0_20, LS_00000000011a8ff0_0_24, LS_00000000011a8ff0_0_28;
L_00000000011a8ff0 .concat [ 16 16 0 0], LS_00000000011a8ff0_1_0, LS_00000000011a8ff0_1_4;
S_0000000001148ed0 .scope module, "z_vel" "Axis_Velocity" 2 148, 2 110 0, S_00000000010a2030;
 .timescale 0 0;
    .port_info 0 /INPUT 4 "mode";
    .port_info 1 /INPUT 32 "speed";
P_00000000010ea070 .param/l "k" 0 2 111, +C4<00000000000000000000000000100000>;
L_00000000011502c8 .functor BUFT 1, C4<00000000000000000000000000000011>, C4<0>, C4<0>, C4<0>;
v000000000114cd70_0 .net/2u *"_s0", 31 0, L_00000000011502c8;  1 drivers
L_0000000001150310 .functor BUFT 1, C4<00000000000000000000000000000010>, C4<0>, C4<0>, C4<0>;
v000000000114c410_0 .net/2u *"_s4", 31 0, L_0000000001150310;  1 drivers
L_0000000001150358 .functor BUFT 1, C4<00000000000000000000000000000001>, C4<0>, C4<0>, C4<0>;
v000000000114c550_0 .net/2u *"_s8", 31 0, L_0000000001150358;  1 drivers
v000000000114ceb0_0 .net "attack_speed", 31 0, L_00000000011a8eb0;  1 drivers
v000000000114d770_0 .net "defense_speed", 31 0, L_00000000011a8870;  1 drivers
v000000000114d9f0_0 .net "mode", 3 0, v000000000114ca50_0;  alias, 1 drivers
v000000000114de50_0 .net "speed", 31 0, L_00000000011a8cd0;  1 drivers
v000000000114d1d0_0 .net "stealth_speed", 31 0, L_00000000011a9c70;  1 drivers
v000000000114cff0_0 .net "velocity", 31 0, L_00000000011af8d0;  1 drivers
L_00000000011a9c70 .arith/div 32, L_00000000011a8cd0, L_00000000011502c8;
L_00000000011a8870 .arith/div 32, L_00000000011a8cd0, L_0000000001150310;
L_00000000011a8eb0 .arith/div 32, L_00000000011a8cd0, L_0000000001150358;
S_0000000001148250 .scope module, "velocity_mux" "Mux4" 2 134, 2 33 0, S_0000000001148ed0;
 .timescale 0 0;
    .port_info 0 /INPUT 32 "a3";
    .port_info 1 /INPUT 32 "a2";
    .port_info 2 /INPUT 32 "a1";
    .port_info 3 /INPUT 32 "a0";
    .port_info 4 /INPUT 4 "s";
    .port_info 5 /OUTPUT 32 "b";
P_00000000010e97f0 .param/l "k" 0 2 34, +C4<00000000000000000000000000100000>;
L_00000000010dbed0 .functor AND 32, L_00000000011a9090, L_00000000011a9c70, C4<11111111111111111111111111111111>, C4<11111111111111111111111111111111>;
L_00000000011afc50 .functor AND 32, L_00000000011a9b30, L_00000000011a8870, C4<11111111111111111111111111111111>, C4<11111111111111111111111111111111>;
L_00000000011b03c0 .functor OR 32, L_00000000010dbed0, L_00000000011afc50, C4<00000000000000000000000000000000>, C4<00000000000000000000000000000000>;
L_00000000011b0430 .functor AND 32, L_00000000011a8b90, L_00000000011a8eb0, C4<11111111111111111111111111111111>, C4<11111111111111111111111111111111>;
L_00000000011af940 .functor OR 32, L_00000000011b03c0, L_00000000011b0430, C4<00000000000000000000000000000000>, C4<00000000000000000000000000000000>;
L_00000000011503a0 .functor BUFT 1, C4<00000000000000000000000000000000>, C4<0>, C4<0>, C4<0>;
L_00000000011afb70 .functor AND 32, L_00000000011a82d0, L_00000000011503a0, C4<11111111111111111111111111111111>, C4<11111111111111111111111111111111>;
L_00000000011af8d0 .functor OR 32, L_00000000011af940, L_00000000011afb70, C4<00000000000000000000000000000000>, C4<00000000000000000000000000000000>;
v000000000114c0f0_0 .net *"_s1", 0 0, L_00000000011a9450;  1 drivers
v000000000114ddb0_0 .net *"_s10", 31 0, L_00000000011afc50;  1 drivers
v000000000114d130_0 .net *"_s12", 31 0, L_00000000011b03c0;  1 drivers
v000000000114c910_0 .net *"_s15", 0 0, L_00000000011a8af0;  1 drivers
v000000000114c2d0_0 .net *"_s16", 31 0, L_00000000011a8b90;  1 drivers
v000000000114dbd0_0 .net *"_s18", 31 0, L_00000000011b0430;  1 drivers
v000000000114c190_0 .net *"_s2", 31 0, L_00000000011a9090;  1 drivers
v000000000114d590_0 .net *"_s20", 31 0, L_00000000011af940;  1 drivers
v000000000114c9b0_0 .net *"_s23", 0 0, L_00000000011a8230;  1 drivers
v000000000114c4b0_0 .net *"_s24", 31 0, L_00000000011a82d0;  1 drivers
v000000000114d630_0 .net *"_s26", 31 0, L_00000000011afb70;  1 drivers
v000000000114d4f0_0 .net *"_s4", 31 0, L_00000000010dbed0;  1 drivers
v000000000114def0_0 .net *"_s7", 0 0, L_00000000011a9d10;  1 drivers
v000000000114d6d0_0 .net *"_s8", 31 0, L_00000000011a9b30;  1 drivers
v000000000114c690_0 .net "a0", 31 0, L_00000000011503a0;  1 drivers
v000000000114ccd0_0 .net "a1", 31 0, L_00000000011a8eb0;  alias, 1 drivers
v000000000114c230_0 .net "a2", 31 0, L_00000000011a8870;  alias, 1 drivers
v000000000114d270_0 .net "a3", 31 0, L_00000000011a9c70;  alias, 1 drivers
v000000000114ce10_0 .net "b", 31 0, L_00000000011af8d0;  alias, 1 drivers
v000000000114c370_0 .net "s", 3 0, v000000000114ca50_0;  alias, 1 drivers
L_00000000011a9450 .part v000000000114ca50_0, 3, 1;
LS_00000000011a9090_0_0 .concat [ 1 1 1 1], L_00000000011a9450, L_00000000011a9450, L_00000000011a9450, L_00000000011a9450;
LS_00000000011a9090_0_4 .concat [ 1 1 1 1], L_00000000011a9450, L_00000000011a9450, L_00000000011a9450, L_00000000011a9450;
LS_00000000011a9090_0_8 .concat [ 1 1 1 1], L_00000000011a9450, L_00000000011a9450, L_00000000011a9450, L_00000000011a9450;
LS_00000000011a9090_0_12 .concat [ 1 1 1 1], L_00000000011a9450, L_00000000011a9450, L_00000000011a9450, L_00000000011a9450;
LS_00000000011a9090_0_16 .concat [ 1 1 1 1], L_00000000011a9450, L_00000000011a9450, L_00000000011a9450, L_00000000011a9450;
LS_00000000011a9090_0_20 .concat [ 1 1 1 1], L_00000000011a9450, L_00000000011a9450, L_00000000011a9450, L_00000000011a9450;
LS_00000000011a9090_0_24 .concat [ 1 1 1 1], L_00000000011a9450, L_00000000011a9450, L_00000000011a9450, L_00000000011a9450;
LS_00000000011a9090_0_28 .concat [ 1 1 1 1], L_00000000011a9450, L_00000000011a9450, L_00000000011a9450, L_00000000011a9450;
LS_00000000011a9090_1_0 .concat [ 4 4 4 4], LS_00000000011a9090_0_0, LS_00000000011a9090_0_4, LS_00000000011a9090_0_8, LS_00000000011a9090_0_12;
LS_00000000011a9090_1_4 .concat [ 4 4 4 4], LS_00000000011a9090_0_16, LS_00000000011a9090_0_20, LS_00000000011a9090_0_24, LS_00000000011a9090_0_28;
L_00000000011a9090 .concat [ 16 16 0 0], LS_00000000011a9090_1_0, LS_00000000011a9090_1_4;
L_00000000011a9d10 .part v000000000114ca50_0, 2, 1;
LS_00000000011a9b30_0_0 .concat [ 1 1 1 1], L_00000000011a9d10, L_00000000011a9d10, L_00000000011a9d10, L_00000000011a9d10;
LS_00000000011a9b30_0_4 .concat [ 1 1 1 1], L_00000000011a9d10, L_00000000011a9d10, L_00000000011a9d10, L_00000000011a9d10;
LS_00000000011a9b30_0_8 .concat [ 1 1 1 1], L_00000000011a9d10, L_00000000011a9d10, L_00000000011a9d10, L_00000000011a9d10;
LS_00000000011a9b30_0_12 .concat [ 1 1 1 1], L_00000000011a9d10, L_00000000011a9d10, L_00000000011a9d10, L_00000000011a9d10;
LS_00000000011a9b30_0_16 .concat [ 1 1 1 1], L_00000000011a9d10, L_00000000011a9d10, L_00000000011a9d10, L_00000000011a9d10;
LS_00000000011a9b30_0_20 .concat [ 1 1 1 1], L_00000000011a9d10, L_00000000011a9d10, L_00000000011a9d10, L_00000000011a9d10;
LS_00000000011a9b30_0_24 .concat [ 1 1 1 1], L_00000000011a9d10, L_00000000011a9d10, L_00000000011a9d10, L_00000000011a9d10;
LS_00000000011a9b30_0_28 .concat [ 1 1 1 1], L_00000000011a9d10, L_00000000011a9d10, L_00000000011a9d10, L_00000000011a9d10;
LS_00000000011a9b30_1_0 .concat [ 4 4 4 4], LS_00000000011a9b30_0_0, LS_00000000011a9b30_0_4, LS_00000000011a9b30_0_8, LS_00000000011a9b30_0_12;
LS_00000000011a9b30_1_4 .concat [ 4 4 4 4], LS_00000000011a9b30_0_16, LS_00000000011a9b30_0_20, LS_00000000011a9b30_0_24, LS_00000000011a9b30_0_28;
L_00000000011a9b30 .concat [ 16 16 0 0], LS_00000000011a9b30_1_0, LS_00000000011a9b30_1_4;
L_00000000011a8af0 .part v000000000114ca50_0, 1, 1;
LS_00000000011a8b90_0_0 .concat [ 1 1 1 1], L_00000000011a8af0, L_00000000011a8af0, L_00000000011a8af0, L_00000000011a8af0;
LS_00000000011a8b90_0_4 .concat [ 1 1 1 1], L_00000000011a8af0, L_00000000011a8af0, L_00000000011a8af0, L_00000000011a8af0;
LS_00000000011a8b90_0_8 .concat [ 1 1 1 1], L_00000000011a8af0, L_00000000011a8af0, L_00000000011a8af0, L_00000000011a8af0;
LS_00000000011a8b90_0_12 .concat [ 1 1 1 1], L_00000000011a8af0, L_00000000011a8af0, L_00000000011a8af0, L_00000000011a8af0;
LS_00000000011a8b90_0_16 .concat [ 1 1 1 1], L_00000000011a8af0, L_00000000011a8af0, L_00000000011a8af0, L_00000000011a8af0;
LS_00000000011a8b90_0_20 .concat [ 1 1 1 1], L_00000000011a8af0, L_00000000011a8af0, L_00000000011a8af0, L_00000000011a8af0;
LS_00000000011a8b90_0_24 .concat [ 1 1 1 1], L_00000000011a8af0, L_00000000011a8af0, L_00000000011a8af0, L_00000000011a8af0;
LS_00000000011a8b90_0_28 .concat [ 1 1 1 1], L_00000000011a8af0, L_00000000011a8af0, L_00000000011a8af0, L_00000000011a8af0;
LS_00000000011a8b90_1_0 .concat [ 4 4 4 4], LS_00000000011a8b90_0_0, LS_00000000011a8b90_0_4, LS_00000000011a8b90_0_8, LS_00000000011a8b90_0_12;
LS_00000000011a8b90_1_4 .concat [ 4 4 4 4], LS_00000000011a8b90_0_16, LS_00000000011a8b90_0_20, LS_00000000011a8b90_0_24, LS_00000000011a8b90_0_28;
L_00000000011a8b90 .concat [ 16 16 0 0], LS_00000000011a8b90_1_0, LS_00000000011a8b90_1_4;
L_00000000011a8230 .part v000000000114ca50_0, 0, 1;
LS_00000000011a82d0_0_0 .concat [ 1 1 1 1], L_00000000011a8230, L_00000000011a8230, L_00000000011a8230, L_00000000011a8230;
LS_00000000011a82d0_0_4 .concat [ 1 1 1 1], L_00000000011a8230, L_00000000011a8230, L_00000000011a8230, L_00000000011a8230;
LS_00000000011a82d0_0_8 .concat [ 1 1 1 1], L_00000000011a8230, L_00000000011a8230, L_00000000011a8230, L_00000000011a8230;
LS_00000000011a82d0_0_12 .concat [ 1 1 1 1], L_00000000011a8230, L_00000000011a8230, L_00000000011a8230, L_00000000011a8230;
LS_00000000011a82d0_0_16 .concat [ 1 1 1 1], L_00000000011a8230, L_00000000011a8230, L_00000000011a8230, L_00000000011a8230;
LS_00000000011a82d0_0_20 .concat [ 1 1 1 1], L_00000000011a8230, L_00000000011a8230, L_00000000011a8230, L_00000000011a8230;
LS_00000000011a82d0_0_24 .concat [ 1 1 1 1], L_00000000011a8230, L_00000000011a8230, L_00000000011a8230, L_00000000011a8230;
LS_00000000011a82d0_0_28 .concat [ 1 1 1 1], L_00000000011a8230, L_00000000011a8230, L_00000000011a8230, L_00000000011a8230;
LS_00000000011a82d0_1_0 .concat [ 4 4 4 4], LS_00000000011a82d0_0_0, LS_00000000011a82d0_0_4, LS_00000000011a82d0_0_8, LS_00000000011a82d0_0_12;
LS_00000000011a82d0_1_4 .concat [ 4 4 4 4], LS_00000000011a82d0_0_16, LS_00000000011a82d0_0_20, LS_00000000011a82d0_0_24, LS_00000000011a82d0_0_28;
L_00000000011a82d0 .concat [ 16 16 0 0], LS_00000000011a82d0_1_0, LS_00000000011a82d0_1_4;
    .scope S_00000000010a2030;
T_0 ;
    %wait E_00000000010e9330;
    %load/vec4 v00000000011461f0_0;
    %store/vec4 v000000000114c730_0, 0, 32;
    %load/vec4 v000000000114df90_0;
    %store/vec4 v000000000114c5f0_0, 0, 32;
    %load/vec4 v000000000114cff0_0;
    %store/vec4 v000000000114c7d0_0, 0, 32;
    %jmp T_0;
    .thread T_0, $push;
    .scope S_0000000001093aa0;
T_1 ;
    %wait E_00000000010e9630;
    %load/vec4 v00000000010d1760_0;
    %store/vec4 v00000000010d1800_0, 0, 32;
    %jmp T_1;
    .thread T_1;
    .scope S_00000000010951d0;
T_2 ;
    %wait E_00000000010e9630;
    %load/vec4 v0000000001142ca0_0;
    %store/vec4 v0000000001141940_0, 0, 32;
    %jmp T_2;
    .thread T_2;
    .scope S_00000000010467e0;
T_3 ;
    %wait E_00000000010e9630;
    %load/vec4 v0000000001143d10_0;
    %store/vec4 v00000000011448f0_0, 0, 32;
    %jmp T_3;
    .thread T_3;
    .scope S_00000000010e52e0;
T_4 ;
    %wait E_00000000010e9bf0;
    %load/vec4 v0000000001142980_0;
    %store/vec4 v0000000001144b70_0, 0, 32;
    %load/vec4 v00000000011438b0_0;
    %store/vec4 v0000000001143310_0, 0, 32;
    %load/vec4 v00000000011442b0_0;
    %store/vec4 v0000000001144c10_0, 0, 32;
    %jmp T_4;
    .thread T_4, $push;
    .scope S_00000000010e4b80;
T_5 ;
T_5.0 ;
    %delay 5, 0;
    %pushi/vec4 0, 0, 1;
    %store/vec4 v000000000114c870_0, 0, 1;
    %delay 5, 0;
    %pushi/vec4 1, 0, 1;
    %store/vec4 v000000000114c870_0, 0, 1;
    %jmp T_5.0;
    %end;
    .thread T_5;
    .scope S_00000000010e4b80;
T_6 ;
    %delay 1, 0;
    %vpi_call 2 192 "$display", "CLK - The clock signal" {0 0 0};
    %vpi_call 2 193 "$display", "MODE - 4 bit one hot, 0001 - OFF, 0010 - ATTACK, 0100 - DEFENSE, 1000 - STEALTH" {0 0 0};
    %vpi_call 2 194 "$display", "P MODE - 4 bit one hot, 0001 - reset positon, 0010 - NORMAL SUBLIGHT, 0100 - JUMP DRIVE, 1000 - NO CHANGE" {0 0 0};
    %vpi_call 2 195 "$display", "VELOCITY IS IN UNITS/CLOCK TICK" {0 0 0};
    %vpi_call 2 196 "$display", "\000" {0 0 0};
    %vpi_call 2 197 "$display", "CLK| MODE |P MODE| pos x | pos y | pos z | vel x | vel y | vel z |" {0 0 0};
    %vpi_call 2 198 "$display", "---+------+------+-------+-------+-------+-------+-------+-------+" {0 0 0};
T_6.0 ;
    %delay 10, 0;
    %vpi_call 2 202 "$display", " %b | %b | %b | %d | %d | %d | %d | %d | %d |", v000000000114c870_0, v000000000114ca50_0, v000000000114caf0_0, v0000000001144b70_0, v0000000001143310_0, v0000000001144c10_0, v000000000114c730_0, v000000000114c5f0_0, v000000000114c7d0_0 {0 0 0};
    %jmp T_6.0;
    %end;
    .thread T_6;
    .scope S_00000000010e4b80;
T_7 ;
    %delay 2, 0;
    %delay 10, 0;
    %pushi/vec4 1, 0, 4;
    %store/vec4 v000000000114ca50_0, 0, 4;
    %pushi/vec4 1, 0, 4;
    %store/vec4 v000000000114caf0_0, 0, 4;
    %delay 10, 0;
    %pushi/vec4 2, 0, 4;
    %store/vec4 v000000000114ca50_0, 0, 4;
    %pushi/vec4 2, 0, 4;
    %store/vec4 v000000000114caf0_0, 0, 4;
    %pushi/vec4 1, 0, 32;
    %ix/load 4, 0, 0;
    %flag_set/imm 4, 0;
    %store/vec4 v000000000114cb90_0, 4, 32;
    %pushi/vec4 1, 0, 32;
    %ix/load 4, 32, 0;
    %flag_set/imm 4, 0;
    %store/vec4 v000000000114cb90_0, 4, 32;
    %pushi/vec4 1, 0, 32;
    %ix/load 4, 64, 0;
    %flag_set/imm 4, 0;
    %store/vec4 v000000000114cb90_0, 4, 32;
    %delay 50, 0;
    %delay 10, 0;
    %pushi/vec4 2, 0, 4;
    %store/vec4 v000000000114ca50_0, 0, 4;
    %pushi/vec4 4, 0, 4;
    %store/vec4 v000000000114caf0_0, 0, 4;
    %pushi/vec4 100, 0, 32;
    %ix/load 4, 0, 0;
    %flag_set/imm 4, 0;
    %store/vec4 v000000000114d090_0, 4, 32;
    %pushi/vec4 100, 0, 32;
    %ix/load 4, 32, 0;
    %flag_set/imm 4, 0;
    %store/vec4 v000000000114d090_0, 4, 32;
    %pushi/vec4 100, 0, 32;
    %ix/load 4, 64, 0;
    %flag_set/imm 4, 0;
    %store/vec4 v000000000114d090_0, 4, 32;
    %delay 10, 0;
    %pushi/vec4 2, 0, 4;
    %store/vec4 v000000000114ca50_0, 0, 4;
    %pushi/vec4 2, 0, 4;
    %store/vec4 v000000000114caf0_0, 0, 4;
    %pushi/vec4 4294967292, 0, 32;
    %ix/load 4, 0, 0;
    %flag_set/imm 4, 0;
    %store/vec4 v000000000114cb90_0, 4, 32;
    %pushi/vec4 4, 0, 32;
    %ix/load 4, 32, 0;
    %flag_set/imm 4, 0;
    %store/vec4 v000000000114cb90_0, 4, 32;
    %pushi/vec4 4, 0, 32;
    %ix/load 4, 64, 0;
    %flag_set/imm 4, 0;
    %store/vec4 v000000000114cb90_0, 4, 32;
    %delay 100, 0;
    %vpi_call 2 218 "$finish" {0 0 0};
    %end;
    .thread T_7;
# The file index is used to find the file name in the following table.
:file_names 3;
    "N/A";
    "<interactive>";
    "c:\Users\austin\Google Drive\Homework\CS 4341\Spaceship-Command-Module\position.v";
